2023-05-26T12:02:52.558Z - Server's up and running.

2023-05-26T12:02:58.386Z - Server's up and running.

2023-05-26T12:04:12.816Z - Server's up and running.

2023-05-26T12:04:20.047Z - Server's up and running.

2023-05-26T12:04:30.141Z - Server's up and running.

2023-05-26T12:04:54.217Z - Server's up and running.

2023-05-26T12:05:46.599Z - Server's up and running.

2023-05-26T12:06:06.814Z - Server's up and running.

2023-05-26T12:06:17.777Z - Server's up and running.

2023-05-26T12:06:31.595Z - Server's up and running.

2023-05-26T12:06:42.885Z - Server's up and running.

2023-05-26T12:06:53.947Z - Server's up and running.

2023-05-26T12:07:11.392Z - Server's up and running.

2023-05-26T12:07:21.891Z - Server's up and running.

2023-05-26T12:07:26.541Z - Server's up and running.

2023-05-26T12:07:43.980Z - Server's up and running.

2023-05-26T12:07:49.528Z - Server's up and running.

2023-05-26T12:08:30.016Z - Server's up and running.

2023-05-26T12:09:24.943Z - Server's up and running.

2023-05-26T12:09:35.013Z - Server's up and running.

2023-05-26T12:09:38.513Z - Server's up and running.

2023-05-26T12:09:55.487Z - User has logged in.

2023-05-26T12:09:55.532Z - Vacations requested.

2023-05-26T12:09:55.557Z - Image requested requested.

2023-05-26T12:09:55.564Z - Image requested requested.

2023-05-26T12:09:55.566Z - Image requested requested.

2023-05-26T12:09:55.568Z - Image requested requested.

2023-05-26T12:09:55.570Z - Image requested requested.

2023-05-26T12:09:55.573Z - Image requested requested.

2023-05-26T12:09:55.625Z - Image requested requested.

2023-05-26T12:09:55.627Z - Image requested requested.

2023-05-26T12:09:55.629Z - Image requested requested.

2023-05-26T12:10:21.811Z - Server's up and running.

2023-05-26T12:11:48.410Z - Server's up and running.

2023-05-26T12:11:59.057Z - Server's up and running.

2023-05-26T12:12:08.861Z - Server's up and running.

2023-05-26T12:12:38.743Z - Server's up and running.

2023-05-26T12:12:52.140Z - UserId 5 has logged in.

2023-05-26T12:12:52.193Z - Vacations requested.

2023-05-26T12:13:13.998Z - CSV file has been requested.

