2023-05-27T07:22:36.183Z - Server's up and running.

2023-05-27T07:27:23.186Z - Server's up and running.

2023-05-27T07:27:23.291Z - UserId 5 has logged in.

2023-05-27T07:27:23.325Z - New user has registered.

2023-05-27T07:41:09.428Z - Server's up and running.

2023-05-27T07:41:09.539Z - UserId 5 has logged in.

2023-05-27T07:41:09.576Z - New user has registered.

2023-05-27T07:42:06.580Z - Server's up and running.

2023-05-27T07:42:06.688Z - UserId 5 has logged in.

2023-05-27T07:42:06.722Z - New user has registered.

2023-05-27T07:42:36.520Z - Server's up and running.

2023-05-27T07:42:36.636Z - UserId 5 has logged in.

2023-05-27T07:42:36.671Z - New user has registered.

2023-05-27T07:45:10.296Z - Server's up and running.

2023-05-27T07:45:10.399Z - UserId 5 has logged in.

2023-05-27T07:45:10.427Z - New user has registered.

2023-05-27T07:45:10.434Z - New user has registered.

2023-05-27T07:45:10.447Z - New user has registered.

2023-05-27T07:48:38.395Z - Server's up and running.

2023-05-27T07:48:38.503Z - UserId 5 has logged in.

2023-05-27T07:48:38.539Z - New user has registered.

2023-05-27T07:48:38.546Z - New user has registered.

2023-05-27T07:48:38.557Z - New user has registered.

2023-05-27T07:49:18.544Z - Server's up and running.

2023-05-27T07:49:18.657Z - UserId 5 has logged in.

2023-05-27T07:49:18.691Z - New user has registered.

2023-05-27T07:49:18.698Z - New user has registered.

2023-05-27T07:49:18.710Z - New user has registered.

2023-05-27T07:50:46.119Z - Server's up and running.

2023-05-27T07:50:46.225Z - UserId 5 has logged in.

2023-05-27T07:50:46.262Z - New user has registered.

2023-05-27T07:50:46.270Z - New user has registered.

2023-05-27T07:50:46.283Z - New user has registered.

2023-05-27T07:59:38.267Z - Server's up and running.

2023-05-27T07:59:38.376Z - UserId 5 has logged in.

2023-05-27T07:59:38.417Z - New user has registered.

2023-05-27T07:59:38.424Z - New user has registered.

2023-05-27T07:59:38.432Z - New user has registered.

2023-05-27T08:04:09.988Z - Server's up and running.

2023-05-27T08:06:11.149Z - Server's up and running.

2023-05-27T08:06:16.011Z - Server's up and running.

2023-05-27T08:06:22.342Z - Server's up and running.

2023-05-27T08:06:37.324Z - Server's up and running.

2023-05-27T08:06:44.577Z - Server's up and running.

2023-05-27T08:07:20.410Z - Server's up and running.

2023-05-27T08:07:20.517Z - UserId 5 has logged in.

2023-05-27T08:07:20.552Z - New user has registered.

2023-05-27T08:07:20.559Z - New user has registered.

2023-05-27T08:07:20.567Z - New user has registered.

2023-05-27T08:08:14.311Z - Server's up and running.

2023-05-27T08:08:14.422Z - UserId 5 has logged in.

2023-05-27T08:08:14.463Z - New user has registered.

2023-05-27T08:08:14.470Z - New user has registered.

2023-05-27T08:10:08.298Z - Server's up and running.

2023-05-27T08:10:08.410Z - UserId 5 has logged in.

2023-05-27T08:10:08.451Z - New user has registered.

2023-05-27T08:10:08.458Z - New user has registered.

2023-05-27T08:10:08.466Z - New user has registered.

2023-05-27T08:11:17.595Z - Server's up and running.

2023-05-27T08:11:17.701Z - UserId 5 has logged in.

2023-05-27T08:11:17.738Z - New user has registered.

2023-05-27T08:11:41.770Z - Server's up and running.

2023-05-27T08:11:41.875Z - UserId 5 has logged in.

2023-05-27T08:11:41.907Z - New user has registered.

2023-05-27T08:12:44.083Z - Server's up and running.

2023-05-27T08:12:44.205Z - UserId 5 has logged in.

2023-05-27T08:12:44.240Z - New user has registered.

2023-05-27T08:12:57.735Z - Server's up and running.

2023-05-27T08:12:57.846Z - UserId 5 has logged in.

2023-05-27T08:12:57.885Z - New user has registered.

2023-05-27T08:13:10.776Z - Server's up and running.

2023-05-27T08:13:10.893Z - UserId 5 has logged in.

2023-05-27T08:13:10.929Z - New user has registered.

2023-05-27T08:17:07.805Z - Server's up and running.

2023-05-27T08:17:07.921Z - UserId 5 has logged in.

2023-05-27T08:17:07.962Z - New user has registered.

2023-05-27T08:22:12.908Z - Server's up and running.

2023-05-27T08:22:13.008Z - UserId 5 has logged in.

2023-05-27T08:22:13.045Z - New user has registered.

2023-05-27T08:25:41.266Z - Server's up and running.

2023-05-27T08:25:41.368Z - UserId 5 has logged in.

2023-05-27T08:25:41.402Z - New user has registered.

2023-05-27T08:27:48.913Z - Server's up and running.

2023-05-27T08:27:49.014Z - UserId 5 has logged in.

2023-05-27T08:27:49.053Z - New user has registered.

2023-05-27T08:28:10.680Z - Server's up and running.

2023-05-27T08:28:10.780Z - UserId 5 has logged in.

2023-05-27T08:28:10.815Z - New user has registered.

2023-05-27T08:31:39.183Z - Server's up and running.

2023-05-27T08:32:22.533Z - Server's up and running.

2023-05-27T08:32:38.155Z - Server's up and running.

2023-05-27T08:32:38.253Z - UserId 5 has logged in.

2023-05-27T08:32:38.285Z - New user has registered.

2023-05-27T08:33:35.785Z - Server's up and running.

2023-05-27T08:33:35.888Z - UserId 5 has logged in.

2023-05-27T08:33:35.922Z - New user has registered.

2023-05-27T08:34:38.659Z - Server's up and running.

2023-05-27T08:43:56.167Z - Server's up and running.

2023-05-27T08:44:05.791Z - UserId 9 has logged in.

2023-05-27T08:44:05.847Z - Vacations requested.

2023-05-27T08:44:05.882Z - Image requested.

2023-05-27T08:44:05.885Z - Image requested.

2023-05-27T08:44:05.887Z - Image requested.

2023-05-27T08:44:05.889Z - Image requested.

2023-05-27T08:44:05.891Z - Image requested.

2023-05-27T08:44:05.900Z - Image requested.

2023-05-27T08:44:05.908Z - Image requested.

2023-05-27T08:44:05.910Z - Image requested.

2023-05-27T08:44:05.911Z - Image requested.

2023-05-27T08:45:34.874Z - UserId 9 has logged in.

2023-05-27T08:45:34.914Z - Vacations requested.

2023-05-27T08:45:34.940Z - Image requested.

2023-05-27T08:45:34.942Z - Image requested.

2023-05-27T08:45:34.943Z - Image requested.

2023-05-27T08:45:34.947Z - Image requested.

2023-05-27T08:45:34.949Z - Image requested.

2023-05-27T08:45:34.951Z - Image requested.

2023-05-27T08:45:34.954Z - Image requested.

2023-05-27T08:45:34.961Z - Image requested.

2023-05-27T08:45:34.962Z - Image requested.

2023-05-27T08:47:33.197Z - UserId 9 has logged in.

2023-05-27T08:47:33.246Z - Vacations requested.

2023-05-27T08:47:33.274Z - Image requested.

2023-05-27T08:47:33.275Z - Image requested.

2023-05-27T08:47:33.277Z - Image requested.

2023-05-27T08:47:33.278Z - Image requested.

2023-05-27T08:47:33.279Z - Image requested.

2023-05-27T08:47:33.280Z - Image requested.

2023-05-27T08:47:33.291Z - Image requested.

2023-05-27T08:47:33.293Z - Image requested.

2023-05-27T08:47:33.296Z - Image requested.

2023-05-27T08:47:42.886Z - Vacations requested.

2023-05-27T08:47:42.934Z - Image requested.

2023-05-27T08:47:42.936Z - Image requested.

2023-05-27T08:47:42.944Z - Image requested.

2023-05-27T08:47:42.946Z - Image requested.

2023-05-27T08:47:42.947Z - Image requested.

2023-05-27T08:47:42.948Z - Image requested.

2023-05-27T08:47:42.958Z - Image requested.

2023-05-27T08:47:42.960Z - Image requested.

2023-05-27T08:47:42.961Z - Image requested.

2023-05-27T08:47:48.229Z - Vacations requested.

2023-05-27T08:47:48.283Z - Image requested.

2023-05-27T08:47:48.286Z - Image requested.

2023-05-27T08:47:48.290Z - Image requested.

2023-05-27T08:47:48.291Z - Image requested.

2023-05-27T08:47:48.293Z - Image requested.

2023-05-27T08:47:48.294Z - Image requested.

2023-05-27T08:47:48.296Z - Image requested.

2023-05-27T08:47:48.300Z - Image requested.

2023-05-27T08:47:48.302Z - Image requested.

2023-05-27T08:47:54.798Z - Vacations requested.

2023-05-27T08:47:54.893Z - Image requested.

2023-05-27T08:47:54.895Z - Image requested.

2023-05-27T08:47:54.899Z - Image requested.

2023-05-27T08:47:54.900Z - Image requested.

2023-05-27T08:47:54.901Z - Image requested.

2023-05-27T08:47:54.902Z - Image requested.

2023-05-27T08:47:54.908Z - Image requested.

2023-05-27T08:47:54.909Z - Image requested.

2023-05-27T08:47:54.911Z - Image requested.

2023-05-27T08:49:42.173Z - UserId 9 has logged in.

2023-05-27T08:49:42.217Z - Vacations requested.

2023-05-27T08:49:42.242Z - Image requested.

2023-05-27T08:49:42.244Z - Image requested.

2023-05-27T08:49:42.246Z - Image requested.

2023-05-27T08:49:42.246Z - Image requested.

2023-05-27T08:49:42.260Z - Image requested.

2023-05-27T08:49:42.262Z - Image requested.

2023-05-27T08:49:42.273Z - Image requested.

2023-05-27T08:49:42.274Z - Image requested.

2023-05-27T08:49:42.283Z - Image requested.

2023-05-27T08:50:53.450Z - UserId 9 has logged in.

2023-05-27T08:50:53.482Z - Vacations requested.

2023-05-27T08:50:53.497Z - Image requested.

2023-05-27T08:50:53.499Z - Image requested.

2023-05-27T08:50:53.501Z - Image requested.

2023-05-27T08:50:53.502Z - Image requested.

2023-05-27T08:50:53.504Z - Image requested.

2023-05-27T08:50:53.506Z - Image requested.

2023-05-27T08:50:53.512Z - Image requested.

2023-05-27T08:50:53.518Z - Image requested.

2023-05-27T08:50:53.523Z - Image requested.

2023-05-27T08:51:54.178Z - Server's up and running.

2023-05-27T08:52:04.347Z - UserId 9 has logged in.

2023-05-27T08:52:04.397Z - Vacations requested.

2023-05-27T08:52:04.427Z - Image requested.

2023-05-27T08:52:04.433Z - Image requested.

2023-05-27T08:52:04.435Z - Image requested.

2023-05-27T08:52:04.437Z - Image requested.

2023-05-27T08:52:04.439Z - Image requested.

2023-05-27T08:52:04.442Z - Image requested.

2023-05-27T08:52:04.447Z - Image requested.

2023-05-27T08:52:04.452Z - Image requested.

2023-05-27T08:52:04.454Z - Image requested.

2023-05-27T08:53:16.722Z - UserId 9 has logged in.

2023-05-27T08:53:16.769Z - Vacations requested.

2023-05-27T08:53:16.796Z - Image requested.

2023-05-27T08:53:16.800Z - Image requested.

2023-05-27T08:53:16.802Z - Image requested.

2023-05-27T08:53:16.804Z - Image requested.

2023-05-27T08:53:16.805Z - Image requested.

2023-05-27T08:53:16.806Z - Image requested.

2023-05-27T08:53:16.814Z - Image requested.

2023-05-27T08:53:16.820Z - Image requested.

2023-05-27T08:53:16.822Z - Image requested.

2023-05-27T08:58:20.110Z - Server's up and running.

2023-05-27T09:05:40.112Z - UserId 9 has logged in.

2023-05-27T09:05:40.158Z - Vacations requested.

2023-05-27T09:05:40.190Z - Image requested.

2023-05-27T09:05:40.198Z - Image requested.

2023-05-27T09:05:40.200Z - Image requested.

2023-05-27T09:05:40.202Z - Image requested.

2023-05-27T09:05:40.204Z - Image requested.

2023-05-27T09:05:40.206Z - Image requested.

2023-05-27T09:05:40.211Z - Image requested.

2023-05-27T09:05:40.215Z - Image requested.

2023-05-27T09:05:40.217Z - Image requested.

2023-05-27T09:12:53.154Z - UserId 9 has logged in.

2023-05-27T09:12:53.191Z - Vacations requested.

2023-05-27T09:12:53.217Z - Image requested.

2023-05-27T09:12:53.219Z - Image requested.

2023-05-27T09:12:53.220Z - Image requested.

2023-05-27T09:12:53.221Z - Image requested.

2023-05-27T09:12:53.224Z - Image requested.

2023-05-27T09:12:53.226Z - Image requested.

2023-05-27T09:12:53.237Z - Image requested.

2023-05-27T09:12:53.238Z - Image requested.

2023-05-27T09:12:53.239Z - Image requested.

2023-05-27T09:13:00.862Z - Image requested.

2023-05-27T09:13:38.936Z - Server's up and running.

2023-05-27T09:13:51.766Z - UserId 9 has logged in.

2023-05-27T09:13:51.810Z - Vacations requested.

2023-05-27T09:13:51.835Z - Image requested.

2023-05-27T09:13:51.838Z - Image requested.

2023-05-27T09:13:51.840Z - Image requested.

2023-05-27T09:13:51.842Z - Image requested.

2023-05-27T09:13:51.844Z - Image requested.

2023-05-27T09:13:51.846Z - Image requested.

2023-05-27T09:13:51.857Z - Image requested.

2023-05-27T09:13:51.859Z - Image requested.

2023-05-27T09:13:51.861Z - Image requested.

2023-05-27T09:14:54.862Z - Vacations requested.

2023-05-27T09:14:54.871Z - Image requested.

2023-05-27T09:14:54.874Z - Image requested.

2023-05-27T09:14:54.876Z - Image requested.

2023-05-27T09:14:54.880Z - Image requested.

2023-05-27T09:14:54.882Z - Image requested.

2023-05-27T09:14:54.883Z - Image requested.

2023-05-27T09:14:54.886Z - Image requested.

2023-05-27T09:14:54.887Z - Image requested.

2023-05-27T09:14:54.889Z - Image requested.

2023-05-27T09:14:57.296Z - Image requested.

2023-05-27T09:15:06.640Z - Vacations requested.

2023-05-27T09:15:06.650Z - Image requested.

2023-05-27T09:15:06.652Z - Image requested.

2023-05-27T09:15:06.654Z - Image requested.

2023-05-27T09:15:06.655Z - Image requested.

2023-05-27T09:15:06.658Z - Image requested.

2023-05-27T09:15:06.661Z - Image requested.

2023-05-27T09:15:06.662Z - Image requested.

2023-05-27T09:15:06.666Z - Image requested.

2023-05-27T09:15:06.668Z - Image requested.

2023-05-27T09:16:06.078Z - Image requested.

2023-05-27T09:16:08.892Z - Vacations requested.

2023-05-27T09:16:08.911Z - Image requested.

2023-05-27T09:16:08.913Z - Image requested.

2023-05-27T09:16:08.915Z - Image requested.

2023-05-27T09:16:08.916Z - Image requested.

2023-05-27T09:16:08.918Z - Image requested.

2023-05-27T09:16:08.920Z - Image requested.

2023-05-27T09:16:08.923Z - Image requested.

2023-05-27T09:16:08.929Z - Image requested.

2023-05-27T09:16:08.930Z - Image requested.

2023-05-27T09:16:11.029Z - Image requested.

2023-05-27T09:16:15.992Z - Vacations requested.

2023-05-27T09:16:15.998Z - Image requested.

2023-05-27T09:16:16.001Z - Image requested.

2023-05-27T09:16:16.005Z - Image requested.

2023-05-27T09:16:16.012Z - Image requested.

2023-05-27T09:16:16.013Z - Image requested.

2023-05-27T09:16:16.016Z - Image requested.

2023-05-27T09:16:16.018Z - Image requested.

2023-05-27T09:16:16.019Z - Image requested.

2023-05-27T09:16:16.021Z - Image requested.

2023-05-27T09:16:18.183Z - Vacations requested.

2023-05-27T09:16:18.193Z - Image requested.

2023-05-27T09:16:18.195Z - Image requested.

2023-05-27T09:16:18.199Z - Image requested.

2023-05-27T09:16:18.200Z - Image requested.

2023-05-27T09:16:18.203Z - Image requested.

2023-05-27T09:16:18.204Z - Image requested.

2023-05-27T09:16:18.205Z - Image requested.

2023-05-27T09:16:18.208Z - Image requested.

2023-05-27T09:16:18.297Z - Image requested.

2023-05-27T09:16:20.923Z - Image requested.

2023-05-27T09:16:45.387Z - Image requested.

2023-05-27T09:16:49.771Z - Vacations requested.

2023-05-27T09:16:49.784Z - Image requested.

2023-05-27T09:16:49.785Z - Image requested.

2023-05-27T09:16:49.789Z - Image requested.

2023-05-27T09:16:49.791Z - Image requested.

2023-05-27T09:16:49.793Z - Image requested.

2023-05-27T09:16:49.795Z - Image requested.

2023-05-27T09:16:49.798Z - Image requested.

2023-05-27T09:16:49.800Z - Image requested.

2023-05-27T09:16:49.801Z - Image requested.

