2023-05-28T06:03:58.956Z - UserId 5 has logged in.

2023-05-28T06:03:58.986Z - Vacations requested.

2023-05-28T06:03:59.017Z - Image requested.

2023-05-28T06:03:59.018Z - Image requested.

2023-05-28T06:03:59.021Z - Image requested.

2023-05-28T06:03:59.022Z - Image requested.

2023-05-28T06:03:59.025Z - Image requested.

2023-05-28T06:03:59.026Z - Image requested.

2023-05-28T06:03:59.029Z - Image requested.

2023-05-28T06:03:59.031Z - Image requested.

2023-05-28T06:03:59.042Z - Image requested.

2023-05-28T06:05:10.816Z - Vacation edited.

2023-05-28T06:05:10.846Z - Image requested.

2023-05-28T06:06:17.939Z - Vacations requested.

2023-05-28T06:06:17.965Z - Image requested.

2023-05-28T06:06:17.967Z - Image requested.

2023-05-28T06:06:17.968Z - Image requested.

2023-05-28T06:06:17.971Z - Image requested.

2023-05-28T06:06:17.972Z - Image requested.

2023-05-28T06:06:17.973Z - Image requested.

2023-05-28T06:06:17.975Z - Image requested.

2023-05-28T06:06:17.976Z - Image requested.

2023-05-28T06:06:17.979Z - Image requested.

2023-05-28T06:06:25.558Z - Vacations requested.

2023-05-28T06:06:25.579Z - Image requested.

2023-05-28T06:06:25.580Z - Image requested.

2023-05-28T06:06:25.581Z - Image requested.

2023-05-28T06:06:25.642Z - Image requested.

2023-05-28T06:06:25.645Z - Image requested.

2023-05-28T06:06:25.646Z - Image requested.

2023-05-28T06:06:25.648Z - Image requested.

2023-05-28T06:06:25.652Z - Image requested.

2023-05-28T06:06:25.653Z - Image requested.

2023-05-28T06:08:51.403Z - Vacations requested.

2023-05-28T06:08:53.342Z - Vacations requested.

2023-05-28T06:09:00.634Z - Image requested.

2023-05-28T06:09:00.637Z - Image requested.

2023-05-28T06:09:00.639Z - Image requested.

2023-05-28T06:09:00.640Z - Image requested.

2023-05-28T06:09:00.641Z - Image requested.

2023-05-28T06:09:00.642Z - Image requested.

2023-05-28T06:09:00.645Z - Image requested.

2023-05-28T06:09:00.653Z - Image requested.

2023-05-28T06:09:00.654Z - Image requested.

2023-05-28T06:09:47.673Z - Vacation added.

2023-05-28T06:09:47.705Z - Image requested.

2023-05-28T06:09:47.708Z - Image requested.

2023-05-28T06:09:47.710Z - Image requested.

2023-05-28T06:09:47.712Z - Image requested.

2023-05-28T06:09:47.714Z - Image requested.

2023-05-28T06:09:47.715Z - Image requested.

2023-05-28T06:09:47.716Z - Image requested.

2023-05-28T06:09:47.720Z - Image requested.

2023-05-28T06:09:47.721Z - Image requested.

2023-05-28T06:09:50.945Z - Vacations requested.

2023-05-28T06:09:50.954Z - Image requested.

2023-05-28T06:09:50.955Z - Image requested.

2023-05-28T06:09:50.956Z - Image requested.

2023-05-28T06:09:50.958Z - Image requested.

2023-05-28T06:09:50.960Z - Image requested.

2023-05-28T06:09:50.963Z - Image requested.

2023-05-28T06:09:50.964Z - Image requested.

2023-05-28T06:09:50.966Z - Image requested.

2023-05-28T06:09:50.967Z - Image requested.

2023-05-28T06:10:03.621Z - Vacation deleted.

2023-05-28T06:10:07.252Z - Vacations requested.

2023-05-28T06:10:07.260Z - Image requested.

2023-05-28T06:10:07.262Z - Image requested.

2023-05-28T06:10:07.264Z - Image requested.

2023-05-28T06:10:07.266Z - Image requested.

2023-05-28T06:10:07.268Z - Image requested.

2023-05-28T06:10:07.269Z - Image requested.

2023-05-28T06:10:07.271Z - Image requested.

2023-05-28T06:10:07.273Z - Image requested.

2023-05-28T06:10:07.275Z - Image requested.

2023-05-28T06:10:42.937Z - UserId 9 has logged in.

2023-05-28T06:10:42.968Z - Vacations requested.

2023-05-28T06:10:55.916Z - Vacations requested.

2023-05-28T06:10:55.933Z - Image requested.

2023-05-28T06:10:55.934Z - Image requested.

2023-05-28T06:10:55.935Z - Image requested.

2023-05-28T06:10:55.936Z - Image requested.

2023-05-28T06:10:55.937Z - Image requested.

2023-05-28T06:10:55.938Z - Image requested.

2023-05-28T06:10:55.940Z - Image requested.

2023-05-28T06:10:55.941Z - Image requested.

2023-05-28T06:10:55.944Z - Image requested.

2023-05-28T06:11:02.292Z - Vacations requested.

2023-05-28T06:11:02.301Z - Image requested.

2023-05-28T06:11:02.303Z - Image requested.

2023-05-28T06:11:02.304Z - Image requested.

2023-05-28T06:11:02.305Z - Image requested.

2023-05-28T06:11:02.307Z - Image requested.

2023-05-28T06:11:02.310Z - Image requested.

2023-05-28T06:11:02.311Z - Image requested.

2023-05-28T06:11:02.312Z - Image requested.

2023-05-28T06:11:02.312Z - Image requested.

2023-05-28T06:11:22.069Z - Vacations requested.

2023-05-28T06:11:22.081Z - Image requested.

2023-05-28T06:11:22.084Z - Image requested.

2023-05-28T06:11:22.085Z - Image requested.

2023-05-28T06:11:22.088Z - Image requested.

2023-05-28T06:11:22.090Z - Image requested.

2023-05-28T06:11:22.092Z - Image requested.

2023-05-28T06:11:22.093Z - Image requested.

2023-05-28T06:11:22.094Z - Image requested.

2023-05-28T06:11:22.095Z - Image requested.

2023-05-28T06:15:30.900Z - Image requested.

2023-05-28T06:15:30.901Z - Image requested.

2023-05-28T06:17:49.267Z - Vacations requested.

2023-05-28T06:17:49.275Z - Image requested.

2023-05-28T06:17:49.277Z - Image requested.

2023-05-28T06:17:49.279Z - Image requested.

2023-05-28T06:17:49.281Z - Image requested.

2023-05-28T06:17:49.282Z - Image requested.

2023-05-28T06:17:49.285Z - Image requested.

2023-05-28T06:17:49.287Z - Image requested.

2023-05-28T06:17:49.288Z - Image requested.

2023-05-28T06:17:49.290Z - Image requested.

2023-05-28T06:18:48.297Z - Vacations requested.

2023-05-28T06:18:48.319Z - Image requested.

2023-05-28T06:18:48.320Z - Image requested.

2023-05-28T06:18:48.322Z - Image requested.

2023-05-28T06:18:48.323Z - Image requested.

2023-05-28T06:18:48.325Z - Image requested.

2023-05-28T06:18:48.325Z - Image requested.

2023-05-28T06:18:48.327Z - Image requested.

2023-05-28T06:18:48.328Z - Image requested.

2023-05-28T06:18:48.331Z - Image requested.

2023-05-28T06:18:54.709Z - Vacations requested.

2023-05-28T06:18:54.724Z - Image requested.

2023-05-28T06:18:54.725Z - Image requested.

2023-05-28T06:18:54.726Z - Image requested.

2023-05-28T06:18:54.727Z - Image requested.

2023-05-28T06:18:54.728Z - Image requested.

2023-05-28T06:18:54.729Z - Image requested.

2023-05-28T06:18:54.735Z - Image requested.

2023-05-28T06:18:54.737Z - Image requested.

2023-05-28T06:18:54.738Z - Image requested.

2023-05-28T06:39:24.429Z - UserId 9 has logged in.

2023-05-28T06:39:24.464Z - Vacations requested.

2023-05-28T06:39:24.484Z - Image requested.

2023-05-28T06:39:24.485Z - Image requested.

2023-05-28T06:39:24.487Z - Image requested.

2023-05-28T06:39:24.487Z - Image requested.

2023-05-28T06:39:24.488Z - Image requested.

2023-05-28T06:39:24.491Z - Image requested.

2023-05-28T06:39:24.500Z - Image requested.

2023-05-28T06:39:24.501Z - Image requested.

2023-05-28T06:39:24.502Z - Image requested.

2023-05-28T06:39:28.723Z - Image requested.

2023-05-28T06:39:28.725Z - Image requested.

2023-05-28T06:39:29.769Z - Image requested.

2023-05-28T06:39:30.900Z - Image requested.

2023-05-28T06:39:30.902Z - Image requested.

2023-05-28T06:39:30.904Z - Image requested.

2023-05-28T06:39:30.905Z - Image requested.

2023-05-28T06:39:30.906Z - Image requested.

2023-05-28T06:39:30.907Z - Image requested.

2023-05-28T06:39:30.912Z - Image requested.

2023-05-28T06:39:30.914Z - Image requested.

2023-05-28T06:39:30.915Z - Image requested.

2023-05-28T06:39:34.185Z - Image requested.

2023-05-28T06:39:34.185Z - Image requested.

2023-05-28T06:39:59.537Z - Image requested.

2023-05-28T06:39:59.538Z - Image requested.

2023-05-28T06:40:18.928Z - Image requested.

2023-05-28T06:40:19.894Z - Like has been added.

2023-05-28T06:40:24.015Z - Like has been removed.

2023-05-28T06:42:10.994Z - UserId 5 has logged in.

2023-05-28T06:42:11.038Z - Vacations requested.

2023-05-28T06:47:57.658Z - Vacations requested.

2023-05-28T06:47:57.668Z - Image requested.

2023-05-28T06:47:57.670Z - Image requested.

2023-05-28T06:47:57.672Z - Image requested.

2023-05-28T06:47:57.673Z - Image requested.

2023-05-28T06:47:57.675Z - Image requested.

2023-05-28T06:47:57.678Z - Image requested.

2023-05-28T06:47:57.679Z - Image requested.

2023-05-28T06:47:57.680Z - Image requested.

2023-05-28T06:47:57.682Z - Image requested.

2023-05-28T06:48:41.782Z - Vacation deleted.

2023-05-28T06:52:02.539Z - Vacations requested.

2023-05-28T06:52:02.547Z - Image requested.

2023-05-28T06:52:02.550Z - Image requested.

2023-05-28T06:52:02.551Z - Image requested.

2023-05-28T06:52:02.553Z - Image requested.

2023-05-28T06:52:02.555Z - Image requested.

2023-05-28T06:52:02.557Z - Image requested.

2023-05-28T06:52:02.558Z - Image requested.

2023-05-28T06:52:02.562Z - Image requested.

2023-05-28T06:52:02.564Z - Image requested.

2023-05-28T06:52:54.696Z - Vacation added.

2023-05-28T06:52:54.729Z - Image requested.

2023-05-28T06:52:54.731Z - Image requested.

2023-05-28T06:52:54.732Z - Image requested.

2023-05-28T06:52:54.733Z - Image requested.

2023-05-28T06:52:54.735Z - Image requested.

2023-05-28T06:52:54.736Z - Image requested.

2023-05-28T06:52:54.739Z - Image requested.

2023-05-28T06:52:54.741Z - Image requested.

2023-05-28T06:52:54.742Z - Image requested.

2023-05-28T06:52:58.827Z - Image requested.

2023-05-28T06:52:58.829Z - Image requested.

2023-05-28T06:52:58.830Z - Image requested.

2023-05-28T06:53:05.037Z - Vacation deleted.

2023-05-28T06:53:12.371Z - Vacations requested.

2023-05-28T06:53:12.390Z - Image requested.

2023-05-28T06:53:12.392Z - Image requested.

2023-05-28T06:53:12.393Z - Image requested.

2023-05-28T06:53:12.394Z - Image requested.

2023-05-28T06:53:12.394Z - Image requested.

2023-05-28T06:53:12.397Z - Image requested.

2023-05-28T06:53:12.413Z - Image requested.

2023-05-28T06:53:12.414Z - Image requested.

2023-05-28T06:53:12.416Z - Image requested.

2023-05-28T06:53:13.731Z - Image requested.

2023-05-28T06:53:13.732Z - Image requested.

2023-05-28T07:00:05.615Z - Server's up and running.

2023-05-28T07:00:21.922Z - Server's up and running.

2023-05-28T07:00:24.700Z - UserId 9 has logged in.

2023-05-28T07:00:24.759Z - Vacations requested.

2023-05-28T07:00:24.792Z - Image requested.

2023-05-28T07:00:24.796Z - Image requested.

2023-05-28T07:00:24.804Z - Image requested.

2023-05-28T07:00:24.805Z - Image requested.

2023-05-28T07:00:24.807Z - Image requested.

2023-05-28T07:00:24.810Z - Image requested.

2023-05-28T07:00:24.818Z - Image requested.

2023-05-28T07:00:24.825Z - Image requested.

2023-05-28T07:00:24.827Z - Image requested.

2023-05-28T07:00:37.104Z - Server's up and running.

2023-05-28T07:00:49.641Z - UserId 5 has logged in.

2023-05-28T07:00:49.679Z - Vacations requested.

2023-05-28T07:00:49.707Z - Image requested.

2023-05-28T07:00:49.709Z - Image requested.

2023-05-28T07:00:49.711Z - Image requested.

2023-05-28T07:00:49.713Z - Image requested.

2023-05-28T07:00:49.715Z - Image requested.

2023-05-28T07:00:49.718Z - Image requested.

2023-05-28T07:00:49.728Z - Image requested.

2023-05-28T07:00:49.730Z - Image requested.

2023-05-28T07:00:49.731Z - Image requested.

2023-05-28T07:04:55.416Z - UserId 9 has logged in.

2023-05-28T07:04:55.446Z - Vacations requested.

2023-05-28T07:05:00.311Z - CSV file has been requested.

2023-05-28T07:05:07.680Z - Vacations requested.

2023-05-28T07:05:07.698Z - Image requested.

2023-05-28T07:05:07.700Z - Image requested.

2023-05-28T07:05:07.701Z - Image requested.

2023-05-28T07:05:07.702Z - Image requested.

2023-05-28T07:05:07.705Z - Image requested.

2023-05-28T07:05:07.707Z - Image requested.

2023-05-28T07:05:07.709Z - Image requested.

2023-05-28T07:05:07.711Z - Image requested.

2023-05-28T07:05:07.714Z - Image requested.

2023-05-28T07:06:23.392Z - Server's up and running.

2023-05-28T07:06:26.112Z - Server's up and running.

2023-05-28T07:07:02.600Z - Server's up and running.

2023-05-28T07:07:07.214Z - Server's up and running.

2023-05-28T07:07:12.954Z - Vacations requested.

2023-05-28T07:07:12.974Z - Image requested.

2023-05-28T07:07:12.976Z - Image requested.

2023-05-28T07:07:12.981Z - Image requested.

2023-05-28T07:07:12.984Z - Image requested.

2023-05-28T07:07:12.990Z - Image requested.

2023-05-28T07:07:12.993Z - Image requested.

2023-05-28T07:07:12.995Z - Image requested.

2023-05-28T07:07:12.998Z - Image requested.

2023-05-28T07:07:13.000Z - Image requested.

2023-05-28T07:07:28.776Z - Vacations requested.

2023-05-28T07:07:28.791Z - Image requested.

2023-05-28T07:07:28.794Z - Image requested.

2023-05-28T07:07:28.798Z - Image requested.

2023-05-28T07:07:28.800Z - Image requested.

2023-05-28T07:07:28.801Z - Image requested.

2023-05-28T07:07:28.803Z - Image requested.

2023-05-28T07:07:28.806Z - Image requested.

2023-05-28T07:07:28.807Z - Image requested.

2023-05-28T07:07:28.811Z - Image requested.

2023-05-28T07:07:43.000Z - UserId 5 has logged in.

2023-05-28T07:07:43.035Z - Vacations requested.

2023-05-28T07:07:45.758Z - CSV file has been requested.

2023-05-28T07:09:27.463Z - Server's up and running.

2023-05-28T07:13:01.732Z - Server's up and running.

2023-05-28T07:13:29.969Z - Server's up and running.

2023-05-28T07:17:10.839Z - Server's up and running.

2023-05-28T07:17:14.524Z - Vacations requested.

2023-05-28T07:17:14.534Z - Image requested.

2023-05-28T07:17:14.538Z - Image requested.

2023-05-28T07:17:14.540Z - Image requested.

2023-05-28T07:17:14.545Z - Image requested.

2023-05-28T07:17:14.547Z - Image requested.

2023-05-28T07:17:14.548Z - Image requested.

2023-05-28T07:17:14.550Z - Image requested.

2023-05-28T07:17:14.552Z - Image requested.

2023-05-28T07:17:57.657Z - Server's up and running.

2023-05-28T07:18:02.966Z - Server's up and running.

2023-05-28T07:23:25.072Z - Server's up and running.

2023-05-28T07:23:30.035Z - UserId 9 has logged in.

2023-05-28T07:23:30.087Z - Vacations requested.

2023-05-28T07:23:30.114Z - Image requested.

2023-05-28T07:23:30.118Z - Image requested.

2023-05-28T07:23:30.120Z - Image requested.

2023-05-28T07:23:30.127Z - Image requested.

2023-05-28T07:23:30.129Z - Image requested.

2023-05-28T07:23:30.131Z - Image requested.

2023-05-28T07:23:30.147Z - Image requested.

2023-05-28T07:23:30.149Z - Image requested.

2023-05-28T07:23:30.151Z - Image requested.

2023-05-28T07:23:41.825Z - UserId 5 has logged in.

2023-05-28T07:23:41.853Z - Vacations requested.

2023-05-28T07:43:57.753Z - Vacations requested.

2023-05-28T07:43:57.766Z - Image requested.

2023-05-28T07:43:57.768Z - Image requested.

2023-05-28T07:43:57.771Z - Image requested.

2023-05-28T07:43:57.773Z - Image requested.

2023-05-28T07:43:57.774Z - Image requested.

2023-05-28T07:43:57.776Z - Image requested.

2023-05-28T07:43:57.782Z - Image requested.

2023-05-28T07:43:57.784Z - Image requested.

2023-05-28T07:43:57.785Z - Image requested.

2023-05-28T07:44:08.905Z - UserId 9 has logged in.

2023-05-28T07:44:08.936Z - Vacations requested.

2023-05-28T07:44:10.589Z - Like has been added.

2023-05-28T07:44:11.223Z - Like has been removed.

2023-05-28T07:44:32.381Z - Vacations requested.

2023-05-28T07:44:32.391Z - Image requested.

2023-05-28T07:44:32.393Z - Image requested.

2023-05-28T07:44:32.396Z - Image requested.

2023-05-28T07:44:32.397Z - Image requested.

2023-05-28T07:44:32.399Z - Image requested.

2023-05-28T07:44:32.402Z - Image requested.

2023-05-28T07:44:32.404Z - Image requested.

2023-05-28T07:44:32.406Z - Image requested.

2023-05-28T07:44:32.409Z - Image requested.

2023-05-28T07:44:37.958Z - Vacations requested.

2023-05-28T07:44:37.968Z - Image requested.

2023-05-28T07:44:37.970Z - Image requested.

2023-05-28T07:44:37.972Z - Image requested.

2023-05-28T07:44:37.974Z - Image requested.

2023-05-28T07:44:37.976Z - Image requested.

2023-05-28T07:44:37.979Z - Image requested.

2023-05-28T07:44:37.982Z - Image requested.

2023-05-28T07:44:37.983Z - Image requested.

2023-05-28T07:44:37.985Z - Image requested.

2023-05-28T07:44:47.546Z - Vacations requested.

2023-05-28T07:44:47.555Z - Image requested.

2023-05-28T07:44:47.558Z - Image requested.

2023-05-28T07:44:47.560Z - Image requested.

2023-05-28T07:44:47.562Z - Image requested.

2023-05-28T07:44:47.564Z - Image requested.

2023-05-28T07:44:47.566Z - Image requested.

2023-05-28T07:44:47.569Z - Image requested.

2023-05-28T07:44:47.571Z - Image requested.

2023-05-28T07:44:47.573Z - Image requested.

2023-05-28T07:45:55.386Z - Vacations requested.

2023-05-28T07:45:55.395Z - Image requested.

2023-05-28T07:45:55.398Z - Image requested.

2023-05-28T07:45:55.400Z - Image requested.

2023-05-28T07:45:55.402Z - Image requested.

2023-05-28T07:45:55.403Z - Image requested.

2023-05-28T07:45:55.405Z - Image requested.

2023-05-28T07:45:55.407Z - Image requested.

2023-05-28T07:45:55.410Z - Image requested.

2023-05-28T07:45:55.412Z - Image requested.

2023-05-28T07:46:10.027Z - Vacations requested.

2023-05-28T07:46:10.036Z - Image requested.

2023-05-28T07:46:10.038Z - Image requested.

2023-05-28T07:46:10.040Z - Image requested.

2023-05-28T07:46:10.042Z - Image requested.

2023-05-28T07:46:10.044Z - Image requested.

2023-05-28T07:46:10.045Z - Image requested.

2023-05-28T07:46:10.048Z - Image requested.

2023-05-28T07:46:10.050Z - Image requested.

2023-05-28T07:46:10.053Z - Image requested.

2023-05-28T07:54:36.833Z - Vacations requested.

2023-05-28T07:54:36.842Z - Image requested.

2023-05-28T07:54:36.845Z - Image requested.

2023-05-28T07:54:36.848Z - Image requested.

2023-05-28T07:54:36.849Z - Image requested.

2023-05-28T07:54:36.853Z - Image requested.

2023-05-28T07:54:36.854Z - Image requested.

2023-05-28T07:54:36.856Z - Image requested.

2023-05-28T07:54:36.858Z - Image requested.

2023-05-28T07:54:36.859Z - Image requested.

2023-05-28T08:25:02.704Z - Vacations requested.

2023-05-28T08:25:02.716Z - Image requested.

2023-05-28T08:25:02.718Z - Image requested.

2023-05-28T08:25:02.720Z - Image requested.

2023-05-28T08:25:02.722Z - Image requested.

2023-05-28T08:25:02.723Z - Image requested.

2023-05-28T08:25:02.726Z - Image requested.

2023-05-28T08:25:02.729Z - Image requested.

2023-05-28T08:25:02.731Z - Image requested.

2023-05-28T08:25:02.732Z - Image requested.

2023-05-28T08:34:36.925Z - Vacations requested.

2023-05-28T08:34:36.934Z - Image requested.

2023-05-28T08:34:36.937Z - Image requested.

2023-05-28T08:34:36.939Z - Image requested.

2023-05-28T08:34:36.941Z - Image requested.

2023-05-28T08:34:36.945Z - Image requested.

2023-05-28T08:34:36.947Z - Image requested.

2023-05-28T08:34:36.949Z - Image requested.

2023-05-28T08:34:36.951Z - Image requested.

2023-05-28T08:34:36.953Z - Image requested.

2023-05-28T08:37:09.311Z - Vacations requested.

2023-05-28T08:37:09.321Z - Image requested.

2023-05-28T08:37:09.324Z - Image requested.

2023-05-28T08:37:09.325Z - Image requested.

2023-05-28T08:37:09.326Z - Image requested.

2023-05-28T08:37:09.328Z - Image requested.

2023-05-28T08:37:09.330Z - Image requested.

2023-05-28T08:37:09.332Z - Image requested.

2023-05-28T08:37:09.334Z - Image requested.

2023-05-28T08:37:09.336Z - Image requested.

2023-05-28T08:38:53.686Z - UserId 5 has logged in.

2023-05-28T08:38:53.722Z - Vacations requested.

2023-05-28T08:46:53.068Z - UserId 9 has logged in.

2023-05-28T08:46:53.105Z - Vacations requested.

2023-05-28T08:48:08.059Z - Image requested.

2023-05-28T08:48:08.060Z - Image requested.

2023-05-28T08:48:39.578Z - UserId 5 has logged in.

2023-05-28T08:48:39.606Z - Vacations requested.

2023-05-28T08:53:04.901Z - UserId 5 has logged in.

2023-05-28T08:53:04.930Z - Vacations requested.

2023-05-28T08:53:57.553Z - UserId 9 has logged in.

2023-05-28T08:53:57.583Z - Vacations requested.

2023-05-28T08:54:09.428Z - Like has been added.

2023-05-28T08:54:10.019Z - Like has been removed.

2023-05-28T08:56:41.895Z - Like has been added.

2023-05-28T08:56:42.768Z - Like has been removed.

2023-05-28T08:57:11.262Z - Like has been added.

2023-05-28T08:57:11.833Z - Like has been removed.

2023-05-28T08:57:16.121Z - Vacations requested.

2023-05-28T08:57:16.130Z - Image requested.

2023-05-28T08:57:16.132Z - Image requested.

2023-05-28T08:57:16.134Z - Image requested.

2023-05-28T08:57:16.135Z - Image requested.

2023-05-28T08:57:16.137Z - Image requested.

2023-05-28T08:57:16.139Z - Image requested.

2023-05-28T08:57:16.141Z - Image requested.

2023-05-28T08:57:16.142Z - Image requested.

2023-05-28T08:57:16.143Z - Image requested.

2023-05-28T08:57:22.823Z - Image requested.

2023-05-28T08:57:22.825Z - Image requested.

2023-05-28T08:57:58.983Z - Vacations requested.

2023-05-28T08:57:58.993Z - Image requested.

2023-05-28T08:57:58.995Z - Image requested.

2023-05-28T08:57:58.996Z - Image requested.

2023-05-28T08:57:58.998Z - Image requested.

2023-05-28T08:57:59.000Z - Image requested.

2023-05-28T08:57:59.002Z - Image requested.

2023-05-28T08:57:59.003Z - Image requested.

2023-05-28T08:57:59.006Z - Image requested.

2023-05-28T08:57:59.008Z - Image requested.

2023-05-28T09:02:01.287Z - Vacations requested.

2023-05-28T09:02:01.296Z - Image requested.

2023-05-28T09:02:01.298Z - Image requested.

2023-05-28T09:02:01.302Z - Image requested.

2023-05-28T09:02:01.304Z - Image requested.

2023-05-28T09:02:01.305Z - Image requested.

2023-05-28T09:02:01.307Z - Image requested.

2023-05-28T09:02:01.310Z - Image requested.

2023-05-28T09:02:01.312Z - Image requested.

2023-05-28T09:02:01.313Z - Image requested.

