2023-04-11T08:26:36.060Z - Invalid token.

2023-04-11T08:29:16.766Z - Route /api/vacations/images/ not found

2023-04-11T09:21:26.196Z - Route /api/vacations/images/ not found

2023-04-11T09:21:40.556Z - Route /api/vacations/images/ not found

2023-04-11T09:25:32.130Z - Route /api/vacations/images/ not found

2023-04-11T09:25:38.095Z - Route /api/vacations/images/ not found

2023-04-11T09:25:56.102Z - Route /api/vacations/images/ not found

2023-04-11T09:27:28.083Z - Route /api/vacations/images/ not found

2023-04-11T09:27:36.078Z - Route /api/vacations/images/ not found

2023-04-11T09:27:58.097Z - Route /api/vacations/images/ not found

2023-04-11T09:28:02.092Z - Route /api/vacations/images/ not found

2023-04-11T09:29:51.105Z - Route /api/vacations/images/ not found

2023-04-11T09:31:06.606Z - Route /api/vacations/images/ not found

2023-04-11T09:31:06.998Z - Route /api/vacations/images/ not found

2023-04-11T09:31:09.989Z - Route /api/vacations/images/ not found

2023-04-11T09:32:09.859Z - Route /api/vacations/images/ not found

2023-04-11T09:32:32.156Z - Route /api/vacations/images/ not found

2023-04-11T09:34:45.747Z - Route /api/vacations/images/ not found

2023-04-11T09:35:00.795Z - Route /api/vacations/images/ not found

2023-04-11T09:35:08.747Z - Route /api/vacations/images/ not found

2023-04-11T09:35:34.136Z - Route /api/vacations/images/ not found

2023-04-11T09:36:12.108Z - Route /api/vacations/images/ not found

2023-04-11T09:36:18.086Z - Route /api/vacations/images/ not found

2023-04-11T09:37:01.984Z - Route /api/vacations/images/ not found

2023-04-11T09:37:13.163Z - Route /api/vacations/images/ not found

2023-04-11T09:39:39.610Z - Route /api/vacations/images/ not found

2023-04-11T10:01:50.278Z - Route /api/vacations/images/ not found

2023-04-11T10:02:14.547Z - Route /api/vacations/images/ not found

2023-04-11T10:02:30.008Z - Route /api/vacations/images/ not found

2023-04-11T10:02:35.535Z - Route /api/vacations/images/ not found

2023-04-11T10:02:39.802Z - Route /api/vacations/images/ not found

2023-04-11T10:07:22.112Z - Route /api/vacations/images/ not found

2023-04-11T10:21:52.533Z - Route /api/vacation/2 not found

2023-04-11T10:22:17.807Z - Invalid token.

2023-04-11T10:23:15.208Z - ER_PARSE_ERROR: You have an error in your SQL syntax; check the manual that corresponds to your MariaDB server version for the right syntax to use near '?' at line 1

2023-04-11T10:23:48.877Z - id 22 not found

2023-04-11T10:53:35.067Z - Something went wrong...

2023-04-11T10:56:19.321Z - Something went wrong...

2023-04-11T10:56:20.619Z - Something went wrong...

2023-04-11T10:59:28.490Z - Something went wrong...

2023-04-11T10:59:39.040Z - Something went wrong...

2023-04-11T10:59:43.875Z - Something went wrong...

2023-04-11T10:59:48.571Z - Something went wrong...

2023-04-11T10:59:56.809Z - Something went wrong...

2023-04-11T11:12:55.063Z - Something went wrong...

2023-04-11T11:13:02.500Z - Something went wrong...

2023-04-11T11:22:00.889Z - Something went wrong...

