2023-05-24T07:49:45.529Z - Invalid token

2023-05-24T08:55:24.578Z - Some changes are not valid.

2023-05-24T08:57:12.656Z - Some changes are not valid.

2023-05-24T08:57:26.230Z - Some changes are not valid.

2023-05-24T08:58:52.638Z - Some changes are not valid.

2023-05-24T09:00:26.518Z - Some changes are not valid.

2023-05-24T09:00:42.101Z - Some changes are not valid.

2023-05-24T09:00:47.115Z - Some changes are not valid.

2023-05-24T09:00:58.112Z - Some changes are not valid.

2023-05-24T09:03:28.538Z - Some changes are not valid.

2023-05-24T09:07:07.699Z - Some changes are not valid.

2023-05-24T09:07:23.895Z - Some changes are not valid.

2023-05-24T09:07:35.973Z - Some changes are not valid.

2023-05-24T09:09:37.965Z - Some changes are not valid.

2023-05-24T09:11:06.885Z - Some changes are not valid.

2023-05-24T09:13:23.045Z - Some changes are not valid.

2023-05-24T09:15:55.835Z - Some changes are not valid.

2023-05-24T09:18:58.392Z - Some changes are not valid.

2023-05-24T09:19:49.944Z - Some changes are not valid.

2023-05-24T09:56:41.989Z - Some changes are not valid.

2023-05-24T09:56:56.039Z - Some changes are not valid.

2023-05-24T10:22:07.448Z - id 34 not found

2023-05-24T10:22:25.412Z - Vacation is not valid.

2023-05-24T10:32:43.300Z - ER_BAD_NULL_ERROR: Column 'imageFileName' cannot be null

2023-05-24T11:04:28.064Z - ER_BAD_NULL_ERROR: Column 'imageFileName' cannot be null

2023-05-24T11:05:10.905Z - Vacation is not valid.

2023-05-24T11:06:14.433Z - Vacation is not valid.

2023-05-24T11:06:52.800Z - Vacation is not valid.

2023-05-24T11:07:12.449Z - Vacation is not valid.

2023-05-24T11:09:18.462Z - Vacation is not valid.

2023-05-24T11:10:24.836Z - Vacation is not valid.

2023-05-24T11:10:33.556Z - Vacation is not valid.

2023-05-24T11:16:00.993Z - Vacation is not valid.

2023-05-24T11:16:36.208Z - Vacation is not valid.

2023-05-24T11:16:44.589Z - Vacation is not valid.

2023-05-24T11:17:14.814Z - Vacation is not valid.

2023-05-24T11:17:47.492Z - Vacation is not valid.

2023-05-24T11:20:09.362Z - Vacation is not valid.

2023-05-24T11:27:28.383Z - ER_BAD_NULL_ERROR: Column 'imageFileName' cannot be null

2023-05-24T11:39:01.506Z - ER_BAD_NULL_ERROR: Column 'imageFileName' cannot be null

2023-05-24T11:39:35.636Z - ER_BAD_NULL_ERROR: Column 'imageFileName' cannot be null

2023-05-24T11:41:57.560Z - ER_BAD_NULL_ERROR: Column 'imageFileName' cannot be null

2023-05-24T11:42:46.885Z - ER_BAD_NULL_ERROR: Column 'imageFileName' cannot be null

2023-05-24T11:44:33.692Z - ER_BAD_NULL_ERROR: Column 'imageFileName' cannot be null

2023-05-24T11:48:24.278Z - ER_BAD_NULL_ERROR: Column 'imageFileName' cannot be null

2023-05-24T11:48:59.662Z - Vacation is not valid.

2023-05-24T11:52:08.392Z - Vacation is not valid.

2023-05-24T11:53:32.512Z - ER_BAD_NULL_ERROR: Column 'imageFileName' cannot be null

2023-05-24T11:57:56.919Z - ER_BAD_NULL_ERROR: Column 'imageFileName' cannot be null

2023-05-24T11:58:50.574Z - ER_BAD_NULL_ERROR: Column 'imageFileName' cannot be null

2023-05-24T11:59:17.592Z - ER_BAD_NULL_ERROR: Column 'imageFileName' cannot be null

2023-05-24T12:07:23.248Z - ER_BAD_NULL_ERROR: Column 'imageFileName' cannot be null

2023-05-24T12:07:53.509Z - ER_BAD_NULL_ERROR: Column 'imageFileName' cannot be null

2023-05-24T12:14:50.085Z - ER_BAD_NULL_ERROR: Column 'imageFileName' cannot be null

2023-05-24T12:15:25.961Z - ER_BAD_NULL_ERROR: Column 'imageFileName' cannot be null

2023-05-24T12:15:28.454Z - ER_BAD_NULL_ERROR: Column 'imageFileName' cannot be null

2023-05-24T12:24:02.625Z - ER_BAD_NULL_ERROR: Column 'imageFileName' cannot be null

2023-05-24T12:24:29.591Z - ER_BAD_NULL_ERROR: Column 'imageFileName' cannot be null

2023-05-24T12:26:20.840Z - ER_BAD_NULL_ERROR: Column 'imageFileName' cannot be null

2023-05-24T12:28:18.251Z - ER_BAD_NULL_ERROR: Column 'imageFileName' cannot be null

2023-05-24T12:29:07.538Z - ER_BAD_NULL_ERROR: Column 'imageFileName' cannot be null

2023-05-24T12:34:11.249Z - ER_BAD_NULL_ERROR: Column 'imageFileName' cannot be null

2023-05-24T12:35:36.969Z - ER_BAD_NULL_ERROR: Column 'imageFileName' cannot be null

2023-05-24T12:36:24.667Z - ER_BAD_NULL_ERROR: Column 'imageFileName' cannot be null

2023-05-24T12:36:30.743Z - ER_BAD_NULL_ERROR: Column 'imageFileName' cannot be null

2023-05-24T12:38:47.200Z - ER_BAD_NULL_ERROR: Column 'imageFileName' cannot be null

2023-05-24T12:38:51.722Z - ER_BAD_NULL_ERROR: Column 'imageFileName' cannot be null

2023-05-24T12:38:58.309Z - ER_BAD_NULL_ERROR: Column 'imageFileName' cannot be null

2023-05-24T12:39:00.559Z - ER_BAD_NULL_ERROR: Column 'imageFileName' cannot be null

2023-05-24T12:39:09.999Z - ER_BAD_NULL_ERROR: Column 'imageFileName' cannot be null

2023-05-24T12:41:42.531Z - ER_BAD_NULL_ERROR: Column 'imageFileName' cannot be null

