2023-04-10T08:15:19.940Z - Something went wrong...

2023-04-10T08:24:09.784Z - Something went wrong...

2023-04-10T08:27:11.628Z - Something went wrong...

2023-04-10T08:27:13.595Z - Something went wrong...

2023-04-10T08:27:28.433Z - Something went wrong...

2023-04-10T08:31:17.328Z - Something went wrong...

2023-04-10T08:31:19.328Z - Something went wrong...

2023-04-10T08:31:27.635Z - Something went wrong...

2023-04-10T08:32:28.081Z - Something went wrong...

2023-04-10T08:32:48.889Z - Something went wrong...

2023-04-10T08:36:20.337Z - Something went wrong...

2023-04-10T08:43:05.421Z - Something went wrong...

2023-04-10T08:43:18.237Z - Something went wrong...

2023-04-10T08:43:20.263Z - Something went wrong...

2023-04-10T08:43:44.329Z - Something went wrong...

2023-04-10T08:43:48.328Z - Something went wrong...

2023-04-10T08:43:52.330Z - Something went wrong...

2023-04-10T08:46:46.561Z - Something went wrong...

2023-04-10T09:16:41.338Z - Route /api/vacations/images/ not found

2023-04-10T09:16:43.678Z - Route /api/vacations/images/ not found

2023-04-10T09:17:14.339Z - Route /api/vacations/images/ not found

2023-04-10T09:20:48.360Z - Route /api/vacations/images/ not found

2023-04-10T09:20:51.320Z - Route /api/vacations/images/ not found

2023-04-10T09:21:46.567Z - Route /api/vacations/images/ not found

2023-04-10T09:22:47.746Z - Route /api/vacations/images/ not found

2023-04-10T09:22:51.061Z - Route /api/vacations/images/ not found

2023-04-10T09:24:12.875Z - Route /api/vacations/images/ not found

2023-04-10T09:24:20.196Z - Route /api/vacations/images/ not found

2023-04-10T09:36:30.836Z - Route /api/vacations/images/ not found

2023-04-10T09:37:09.692Z - Route /api/vacations/images/ not found

2023-04-10T10:33:53.279Z - Route /api/vacations/images/ not found

2023-04-10T10:34:50.469Z - Route /api/vacations/images/ not found

2023-04-10T10:36:41.557Z - Route /api/vacations/images/ not found

2023-04-10T10:45:48.895Z - Route /api/vacations/images/ not found

2023-04-10T10:47:30.654Z - Route /api/vacations/images/ not found

2023-04-10T10:50:11.934Z - Route /api/vacations/images/ not found

2023-04-10T10:59:04.413Z - Route /api/vacations/images/ not found

2023-04-10T10:59:06.445Z - Route /api/vacations/images/ not found

2023-04-10T10:59:07.202Z - Route /api/vacations/images/ not found

2023-04-10T10:59:07.812Z - Route /api/vacations/images/ not found

2023-04-10T10:59:08.346Z - Route /api/vacations/images/ not found

2023-04-10T10:59:35.406Z - Route /api/vacations/images/ not found

2023-04-10T10:59:37.222Z - Route /api/vacations/images/ not found

2023-04-10T10:59:45.919Z - Route /api/vacations/images/ not found

2023-04-10T11:02:41.209Z - Route /api/vacations/images/ not found

2023-04-10T11:02:45.446Z - Route /api/vacations/images/ not found

2023-04-10T11:02:52.454Z - Route /api/vacations/images/ not found

2023-04-10T11:03:33.697Z - Route /api/vacations/images/ not found

2023-04-10T11:04:56.444Z - Route /api/vacations/images/ not found

2023-04-10T11:05:38.633Z - Route /api/vacations/images/ not found

2023-04-10T11:08:56.534Z - Route /api/vacations/images/ not found

2023-04-10T11:10:19.792Z - Route /api/vacations/images/ not found

2023-04-10T11:12:43.143Z - Route /api/vacations/images/ not found

2023-04-10T11:13:15.695Z - Route /api/vacations/images/ not found

2023-04-10T11:20:30.758Z - Route /api/vacations/images/ not found

2023-04-10T11:35:18.516Z - Route /api/vacations/images/ not found

2023-04-10T11:38:54.575Z - Route /api/vacations/images/ not found

2023-04-10T11:39:06.714Z - Route /api/vacations/images/ not found

2023-04-10T11:42:20.055Z - Route /api/vacations/images/ not found

2023-04-10T11:53:21.473Z - Route /api/vacations/images/ not found

2023-04-10T11:58:04.359Z - Route /api/vacations/images/ not found

2023-04-10T11:58:08.597Z - Route /api/vacations/images/ not found

2023-04-10T11:58:57.164Z - Route /api/vacations/images/ not found

2023-04-10T12:02:04.258Z - Route /api/vacations/images/ not found

2023-04-10T12:02:51.944Z - Route /api/vacations/images/ not found

2023-04-10T12:38:24.598Z - Route /api/vacations/images/ not found

2023-04-10T12:43:18.779Z - Route /api/vacations/images/ not found

2023-04-10T12:43:21.388Z - Route /api/vacations/images/ not found

2023-04-10T12:43:31.697Z - Route /api/vacations/images/ not found

2023-04-10T12:43:49.106Z - Route /api/vacations/images/ not found

2023-04-10T12:44:18.338Z - Route /api/vacations/images/ not found

2023-04-10T12:44:21.368Z - Route /api/vacations/images/ not found

2023-04-10T12:52:31.309Z - Route /api/vacations/images/ not found

2023-04-10T12:52:48.515Z - Route /api/vacations/images/ not found

2023-04-10T12:53:24.871Z - Route /api/vacations/images/ not found

2023-04-10T13:04:08.787Z - Route /api/vacations/images/ not found

2023-04-10T13:35:32.381Z - Route /api/vacations/images/ not found

2023-04-10T13:36:38.570Z - Route /api/vacations/images/ not found

2023-04-10T16:39:14.485Z - Invalid token.

2023-04-10T16:51:02.909Z - Route /api/vacations/images/ not found

2023-04-10T16:51:11.229Z - Route /api/vacations/images/ not found

2023-04-10T16:56:25.990Z - Route /api/vacations/images/ not found

2023-04-10T17:01:17.891Z - Route /api/vacations/images/ not found

2023-04-10T17:04:09.129Z - Route /api/vacations/images/ not found

2023-04-10T17:05:25.464Z - Route /api/vacations/images/ not found

2023-04-10T17:05:42.662Z - Route /api/vacations/images/ not found

2023-04-10T17:09:55.368Z - Route /api/vacations/images/ not found

2023-04-10T17:11:12.474Z - Route /api/vacations/images/ not found

2023-04-10T17:12:08.360Z - Route /api/vacations/images/ not found

2023-04-10T17:21:45.369Z - Route /api/vacations/images/ not found

2023-04-10T17:24:08.576Z - Route /api/vacations/images/ not found

2023-04-10T17:50:48.524Z - Route /api/vacations/images/ not found

2023-04-10T17:53:11.703Z - Route /api/vacations/images/ not found

2023-04-10T17:54:09.871Z - Route /api/vacations/images/ not found

2023-04-10T17:54:57.099Z - Route /api/vacations/images/ not found

2023-04-10T17:55:47.108Z - Route /api/vacations/images/ not found

2023-04-10T17:57:24.435Z - Route /api/vacations/images/ not found

2023-04-10T17:58:49.844Z - Route /api/vacations/images/ not found

2023-04-10T18:11:35.303Z - Route /api/vacations/images/ not found

2023-04-10T18:24:05.882Z - Route /api/vacations/images/ not found

2023-04-10T18:28:11.266Z - Route /api/vacations/images/ not found

2023-04-10T18:29:14.744Z - Route /api/vacations/images/ not found

2023-04-10T18:34:12.196Z - Vacation is not valid.

2023-04-10T18:34:22.575Z - Vacation is not valid.

2023-04-10T18:34:31.299Z - Vacation is not valid.

2023-04-10T18:34:44.427Z - Vacation is not valid.

2023-04-10T18:34:51.747Z - Vacation is not valid.

2023-04-10T18:35:08.047Z - Route /api/vacations/images/ not found

2023-04-10T18:38:36.479Z - Route /api/vacations/images/ not found

2023-04-10T18:40:08.042Z - Route /api/vacations/images/ not found

2023-04-10T18:50:48.688Z - Route /api/vacations/images/ not found

2023-04-10T18:51:12.825Z - Route /api/vacations/images/ not found

2023-04-10T18:51:15.815Z - Route /api/vacations20 not found

2023-04-10T18:51:33.896Z - Route /api/vacations/images/ not found

2023-04-10T18:51:37.254Z - Route /api/vacations/images/ not found

2023-04-10T18:51:52.705Z - Route /api/vacations/images/ not found

2023-04-10T18:52:34.981Z - Vacation is not valid.

2023-04-10T18:52:38.919Z - Vacation is not valid.

2023-04-10T18:52:47.952Z - Vacation is not valid.

2023-04-10T18:52:57.929Z - Vacation is not valid.

2023-04-10T18:53:11.739Z - Vacation is not valid.

2023-04-10T18:53:18.076Z - Route /api/vacations/images/ not found

2023-04-10T18:53:25.221Z - Route /api/vacations/images/ not found

2023-04-10T19:18:46.274Z - Route /api/vacations/images/ not found

2023-04-10T19:19:51.133Z - Route /api/vacations/images/ not found

2023-04-10T19:20:13.870Z - Route /api/vacations/images/ not found

2023-04-10T19:21:30.294Z - Route /api/vacations/images/ not found

2023-04-10T19:23:39.910Z - Route /api/vacations/images/ not found

2023-04-10T19:25:39.862Z - Route /api/vacations/images/ not found

