2023-04-04T08:54:55.586Z - Invalid token.

2023-04-04T08:55:33.703Z - path must be absolute or specify root to res.sendFile

2023-04-04T08:56:03.437Z - path must be absolute or specify root to res.sendFile

2023-04-04T08:56:57.803Z - ENOENT: no such file or directory, stat 'C:\Users\sylva\OneDrive\Documents\GitHub\Final-Project-JB-School\Backend\src\1-assets\images\:verona.jpg'

2023-04-04T09:17:16.440Z - ER_BAD_FIELD_ERROR: Unknown column 'V.imageName' in 'field list'

2023-04-04T09:20:15.180Z - Something went wrong...

2023-04-04T09:20:21.712Z - Something went wrong...

2023-04-04T09:21:06.413Z - Route /api/vacations/images/verona.jpg%20http://localhost:4000/api/vacations/images/verona.jpg not found

2023-04-04T09:21:16.357Z - ENOENT: no such file or directory, stat 'C:\Users\sylva\OneDrive\Documents\GitHub\Final-Project-JB-School\Backend\src\1-assets\images\verona.jpg '

2023-04-04T09:21:50.516Z - Something went wrong...

2023-04-04T09:23:31.352Z - Something went wrong...

2023-04-04T09:24:37.485Z - Something went wrong...

2023-04-04T09:24:37.614Z - Route /favicon.ico not found

2023-04-04T09:26:16.479Z - Something went wrong...

2023-04-04T09:29:31.290Z - Something went wrong...

2023-04-04T09:38:55.500Z - Something went wrong...

2023-04-04T09:41:22.561Z - Something went wrong...

2023-04-04T09:42:09.661Z - Something went wrong...

2023-04-04T09:43:20.367Z - Something went wrong...

2023-04-04T09:59:33.279Z - Something went wrong...

2023-04-04T10:05:15.851Z - Something went wrong...

2023-04-04T10:05:44.113Z - Something went wrong...

2023-04-04T10:08:05.358Z - Something went wrong...

2023-04-04T10:10:09.297Z - Something went wrong...

2023-04-04T10:10:10.559Z - Something went wrong...

2023-04-04T10:10:11.777Z - Something went wrong...

2023-04-04T10:12:00.552Z - Route /api/vacations/verona.jpg not found

2023-04-04T10:12:07.983Z - ENOENT: no such file or directory, stat 'C:\Users\sylva\OneDrive\Documents\GitHub\Final-Project-JB-School\Backend\src\1-assets\img\verona.jpg'

2023-04-04T10:12:18.525Z - Route /api/vacations/img/verona.jpg not found

2023-04-04T10:12:44.205Z - ENOENT: no such file or directory, stat 'C:\Users\sylva\OneDrive\Documents\GitHub\Final-Project-JB-School\Backend\src\1-assets\img\verona.jpg'

2023-04-04T10:13:06.190Z - Route /api/vacations/img/verona.jpg not found

2023-04-04T10:13:07.170Z - Route /api/vacations/img/verona.jpg not found

2023-04-04T10:14:15.432Z - Something went wrong...

2023-04-04T10:21:59.252Z - Something went wrong...

2023-04-04T10:28:14.873Z - Something went wrong...

2023-04-04T10:28:23.518Z - Something went wrong...

2023-04-04T10:29:35.146Z - Something went wrong...

2023-04-04T10:29:36.979Z - Something went wrong...

2023-04-04T10:29:41.377Z - Something went wrong...

2023-04-04T10:30:18.257Z - Something went wrong...

2023-04-04T10:30:53.856Z - Something went wrong...

2023-04-04T10:32:22.601Z - Something went wrong...

