2023-05-27T07:27:23.306Z - "email" is required

2023-05-27T07:27:23.316Z - "email" must be a valid email

2023-05-27T07:27:23.342Z - The "data" argument must be of type string or an instance of Buffer, TypedArray, or DataView. Received undefined

2023-05-27T07:27:23.351Z - dvader@mail.com is already in use.

2023-05-27T07:41:09.556Z - "email" is required

2023-05-27T07:41:09.567Z - "email" must be a valid email

2023-05-27T07:41:09.592Z - The "data" argument must be of type string or an instance of Buffer, TypedArray, or DataView. Received type number (12345)

2023-05-27T07:41:09.603Z - dvader@mail.com is already in use.

2023-05-27T07:42:06.706Z - "email" is required

2023-05-27T07:42:06.715Z - "email" must be a valid email

2023-05-27T07:42:06.734Z - dvader@mail.com is already in use.

2023-05-27T07:42:06.750Z - dvader@mail.com is already in use.

2023-05-27T07:42:36.653Z - "email" is required

2023-05-27T07:42:36.662Z - "email" must be a valid email

2023-05-27T07:42:36.682Z - dvader@mail.com is already in use.

2023-05-27T07:42:36.691Z - dvader@mail.com is already in use.

2023-05-27T07:45:10.413Z - "email" is required

2023-05-27T07:45:10.420Z - "email" must be a valid email

2023-05-27T07:48:38.520Z - "email" is required

2023-05-27T07:48:38.531Z - "email" must be a valid email

2023-05-27T07:49:18.674Z - "email" is required

2023-05-27T07:49:18.682Z - "email" must be a valid email

2023-05-27T07:50:46.243Z - "email" is required

2023-05-27T07:50:46.253Z - "email" must be a valid email

2023-05-27T07:59:38.399Z - "email" is required

2023-05-27T07:59:38.408Z - "email" must be a valid email

2023-05-27T08:05:38.764Z - anveks@mail.com is already in use.

2023-05-27T08:07:20.535Z - "email" is required

2023-05-27T08:07:20.543Z - "email" must be a valid email

2023-05-27T08:08:14.444Z - "email" is required

2023-05-27T08:08:14.453Z - "email" must be a valid email

2023-05-27T08:10:08.433Z - "email" is required

2023-05-27T08:10:08.442Z - "email" must be a valid email

2023-05-27T08:11:17.718Z - "email" is required

2023-05-27T08:11:17.727Z - "email" must be a valid email

2023-05-27T08:11:17.746Z - "firstName" is required

2023-05-27T08:11:17.759Z - "userId" must be a number

2023-05-27T08:11:41.892Z - "email" is required

2023-05-27T08:11:41.899Z - "email" must be a valid email

2023-05-27T08:11:41.916Z - "firstName" is required

2023-05-27T08:11:41.924Z - "userId" must be a number

2023-05-27T08:12:44.222Z - "email" is required

2023-05-27T08:12:44.232Z - "email" must be a valid email

2023-05-27T08:12:44.248Z - "firstName" is required

2023-05-27T08:12:44.256Z - "userId" must be a positive number

2023-05-27T08:12:57.866Z - "email" is required

2023-05-27T08:12:57.876Z - "email" must be a valid email

2023-05-27T08:12:57.894Z - "firstName" is required

2023-05-27T08:12:57.902Z - "roleId" must be a number

2023-05-27T08:13:10.911Z - "email" is required

2023-05-27T08:13:10.919Z - "email" must be a valid email

2023-05-27T08:13:10.937Z - "firstName" is required

2023-05-27T08:13:10.948Z - dvader@mail.com is already in use.

2023-05-27T08:17:07.944Z - "email" is required

2023-05-27T08:17:07.953Z - "email" must be a valid email

2023-05-27T08:17:07.969Z - "firstName" is required

2023-05-27T08:17:07.982Z - dvader@mail.com is already in use.

2023-05-27T08:22:13.027Z - "email" is required

2023-05-27T08:22:13.037Z - "email" must be a valid email

2023-05-27T08:22:13.053Z - "firstName" is required

2023-05-27T08:22:13.064Z - dvader@mail.com is already in use.

2023-05-27T08:22:13.113Z - Cannot read properties of null (reading 'exp')

2023-05-27T08:25:41.384Z - "email" is required

2023-05-27T08:25:41.393Z - "email" must be a valid email

2023-05-27T08:25:41.409Z - "firstName" is required

2023-05-27T08:25:41.420Z - dvader@mail.com is already in use.

2023-05-27T08:25:41.456Z - Cannot read properties of null (reading 'exp')

2023-05-27T08:27:49.033Z - "email" is required

2023-05-27T08:27:49.043Z - "email" must be a valid email

2023-05-27T08:27:49.062Z - "firstName" is required

2023-05-27T08:27:49.072Z - dvader@mail.com is already in use.

2023-05-27T08:27:49.132Z - Cannot read properties of null (reading 'exp')

2023-05-27T08:28:10.797Z - "email" is required

2023-05-27T08:28:10.807Z - "email" must be a valid email

2023-05-27T08:28:10.823Z - "firstName" is required

2023-05-27T08:28:10.833Z - dvader@mail.com is already in use.

2023-05-27T08:28:10.869Z - Cannot read properties of null (reading 'exp')

2023-05-27T08:31:51.126Z - Invalid token

2023-05-27T08:32:38.268Z - "email" is required

2023-05-27T08:32:38.275Z - "email" must be a valid email

2023-05-27T08:32:38.296Z - "firstName" is required

2023-05-27T08:32:38.306Z - dvader@mail.com is already in use.

2023-05-27T08:32:38.346Z - Cannot read properties of null (reading 'exp')

2023-05-27T08:33:35.905Z - "email" is required

2023-05-27T08:33:35.914Z - "email" must be a valid email

2023-05-27T08:33:35.930Z - "firstName" is required

2023-05-27T08:33:35.941Z - dvader@mail.com is already in use.

2023-05-27T08:33:35.954Z - Invalid token

2023-05-27T08:35:06.028Z - Invalid token

2023-05-27T08:36:16.132Z - Invalid token

2023-05-27T08:36:45.664Z - Invalid token

2023-05-27T08:37:17.607Z - Invalid token

2023-05-27T08:37:43.611Z - Invalid token

2023-05-27T08:38:21.087Z - Invalid token

2023-05-27T08:38:42.512Z - Invalid token

2023-05-27T08:40:07.481Z - Invalid token

2023-05-27T08:40:07.512Z - Invalid token

2023-05-27T08:40:07.555Z - Invalid token

2023-05-27T08:40:07.580Z - Invalid token

2023-05-27T08:40:07.620Z - Invalid token

2023-05-27T08:40:07.641Z - Invalid token

2023-05-27T08:40:07.676Z - Invalid token

2023-05-27T08:40:07.698Z - Invalid token

2023-05-27T08:40:07.726Z - Invalid token

2023-05-27T08:40:07.748Z - Invalid token

2023-05-27T08:40:07.779Z - Invalid token

2023-05-27T08:40:07.806Z - Invalid token

2023-05-27T08:40:07.831Z - Invalid token

2023-05-27T08:40:07.852Z - Invalid token

2023-05-27T08:40:07.878Z - Invalid token

2023-05-27T08:40:07.904Z - Invalid token

2023-05-27T08:40:07.935Z - Invalid token

2023-05-27T08:40:07.958Z - Invalid token

2023-05-27T08:40:07.991Z - Invalid token

2023-05-27T08:40:08.020Z - Invalid token

2023-05-27T08:40:08.042Z - Invalid token

2023-05-27T08:40:08.061Z - Invalid token

2023-05-27T08:40:08.084Z - Invalid token

2023-05-27T08:40:08.107Z - Invalid token

2023-05-27T08:40:08.128Z - Invalid token

2023-05-27T08:40:08.148Z - Invalid token

2023-05-27T08:40:08.175Z - Invalid token

2023-05-27T08:40:08.198Z - Invalid token

2023-05-27T08:40:08.225Z - Invalid token

2023-05-27T08:40:08.254Z - Invalid token

2023-05-27T08:40:08.318Z - Invalid token

2023-05-27T08:40:08.343Z - Invalid token

2023-05-27T08:40:08.372Z - Invalid token

2023-05-27T08:40:08.397Z - Invalid token

2023-05-27T08:40:08.466Z - Invalid token

2023-05-27T08:40:08.528Z - Invalid token

2023-05-27T08:40:08.584Z - Invalid token

2023-05-27T08:40:08.666Z - Invalid token

2023-05-27T08:40:08.688Z - Invalid token

2023-05-27T08:40:08.716Z - Invalid token

2023-05-27T08:40:08.840Z - Invalid token

2023-05-27T08:40:09.043Z - Invalid token

2023-05-27T08:40:09.075Z - Invalid token

2023-05-27T08:40:09.106Z - Invalid token

2023-05-27T08:40:09.232Z - Invalid token

2023-05-27T08:40:09.254Z - Invalid token

2023-05-27T08:40:09.278Z - Invalid token

2023-05-27T08:40:09.302Z - Invalid token

2023-05-27T08:40:09.327Z - Invalid token

2023-05-27T08:40:09.351Z - Invalid token

2023-05-27T08:40:09.379Z - Invalid token

2023-05-27T08:40:09.405Z - Invalid token

2023-05-27T08:40:09.432Z - Invalid token

2023-05-27T08:40:09.459Z - Invalid token

2023-05-27T08:40:09.543Z - Invalid token

2023-05-27T08:40:09.571Z - Invalid token

2023-05-27T08:40:09.596Z - Invalid token

2023-05-27T08:40:09.621Z - Invalid token

2023-05-27T08:40:09.653Z - Invalid token

2023-05-27T08:40:09.901Z - Invalid token

2023-05-27T08:40:09.926Z - Invalid token

2023-05-27T08:40:09.956Z - Invalid token

2023-05-27T08:40:09.982Z - Invalid token

2023-05-27T08:40:10.067Z - Invalid token

2023-05-27T08:40:10.092Z - Invalid token

2023-05-27T08:40:10.128Z - Invalid token

2023-05-27T08:40:10.155Z - Invalid token

2023-05-27T08:40:10.453Z - Invalid token

2023-05-27T08:40:10.481Z - Invalid token

2023-05-27T08:40:10.506Z - Invalid token

2023-05-27T08:40:10.564Z - Invalid token

2023-05-27T08:40:10.642Z - Invalid token

2023-05-27T08:40:10.671Z - Invalid token

2023-05-27T08:40:10.697Z - Invalid token

2023-05-27T08:40:10.721Z - Invalid token

2023-05-27T08:40:10.811Z - Invalid token

2023-05-27T08:40:10.885Z - Invalid token

2023-05-27T08:40:10.921Z - Invalid token

2023-05-27T08:40:11.257Z - Invalid token

2023-05-27T08:40:11.287Z - Invalid token

2023-05-27T08:40:11.314Z - Invalid token

2023-05-27T08:40:11.366Z - Invalid token

2023-05-27T08:40:11.455Z - Invalid token

2023-05-27T08:40:11.478Z - Invalid token

2023-05-27T08:40:11.503Z - Invalid token

2023-05-27T08:40:11.527Z - Invalid token

2023-05-27T08:40:11.553Z - Invalid token

2023-05-27T08:40:11.577Z - Invalid token

2023-05-27T08:40:11.615Z - Invalid token

2023-05-27T08:40:11.638Z - Invalid token

2023-05-27T08:40:11.732Z - Invalid token

2023-05-27T08:40:11.757Z - Invalid token

2023-05-27T08:40:11.793Z - Invalid token

2023-05-27T08:40:11.821Z - Invalid token

2023-05-27T08:40:11.928Z - Invalid token

2023-05-27T08:40:12.151Z - Invalid token

2023-05-27T08:40:12.175Z - Invalid token

2023-05-27T08:40:12.203Z - Invalid token

2023-05-27T08:40:12.353Z - Invalid token

2023-05-27T08:40:12.514Z - Invalid token

2023-05-27T08:40:12.536Z - Invalid token

2023-05-27T08:40:12.562Z - Invalid token

2023-05-27T08:40:12.587Z - Invalid token

2023-05-27T08:40:12.615Z - Invalid token

2023-05-27T08:40:12.642Z - Invalid token

2023-05-27T08:40:12.675Z - Invalid token

2023-05-27T08:40:12.708Z - Invalid token

2023-05-27T08:40:12.734Z - Invalid token

2023-05-27T08:40:12.758Z - Invalid token

2023-05-27T08:40:12.841Z - Invalid token

2023-05-27T08:40:12.872Z - Invalid token

2023-05-27T08:40:12.900Z - Invalid token

2023-05-27T08:40:13.178Z - Invalid token

2023-05-27T08:40:13.210Z - Invalid token

2023-05-27T08:40:13.245Z - Invalid token

2023-05-27T08:40:13.310Z - Invalid token

2023-05-27T08:40:13.386Z - Invalid token

2023-05-27T08:40:13.413Z - Invalid token

2023-05-27T08:40:13.436Z - Invalid token

2023-05-27T08:40:13.460Z - Invalid token

2023-05-27T08:40:13.493Z - Invalid token

2023-05-27T08:40:13.534Z - Invalid token

2023-05-27T08:40:13.557Z - Invalid token

2023-05-27T08:40:13.585Z - Invalid token

2023-05-27T08:40:13.613Z - Invalid token

2023-05-27T08:40:13.637Z - Invalid token

2023-05-27T08:40:13.663Z - Invalid token

2023-05-27T08:40:13.700Z - Invalid token

2023-05-27T08:40:13.773Z - Invalid token

2023-05-27T08:40:13.850Z - Invalid token

2023-05-27T08:40:13.896Z - Invalid token

2023-05-27T08:40:13.990Z - Invalid token

2023-05-27T08:40:14.165Z - Invalid token

2023-05-27T08:40:14.192Z - Invalid token

2023-05-27T08:40:14.225Z - Invalid token

2023-05-27T08:40:14.256Z - Invalid token

2023-05-27T08:40:14.350Z - Invalid token

2023-05-27T08:40:14.376Z - Invalid token

2023-05-27T08:40:14.438Z - Invalid token

2023-05-27T08:40:14.569Z - Invalid token

2023-05-27T08:40:14.743Z - Invalid token

2023-05-27T08:40:14.777Z - Invalid token

2023-05-27T08:40:14.809Z - Invalid token

2023-05-27T08:40:14.848Z - Invalid token

2023-05-27T08:40:14.888Z - Invalid token

2023-05-27T08:40:14.927Z - Invalid token

2023-05-27T08:40:14.956Z - Invalid token

2023-05-27T08:40:14.988Z - Invalid token

2023-05-27T08:40:15.020Z - Invalid token

2023-05-27T08:40:15.101Z - Invalid token

2023-05-27T08:40:15.131Z - Invalid token

2023-05-27T08:40:15.301Z - Invalid token

2023-05-27T08:40:15.496Z - Invalid token

2023-05-27T08:40:15.526Z - Invalid token

2023-05-27T08:40:15.589Z - Invalid token

2023-05-27T08:40:15.666Z - Invalid token

2023-05-27T08:40:15.693Z - Invalid token

2023-05-27T08:40:15.721Z - Invalid token

2023-05-27T08:40:15.747Z - Invalid token

2023-05-27T08:40:15.774Z - Invalid token

2023-05-27T08:40:15.865Z - Invalid token

2023-05-27T08:40:15.891Z - Invalid token

2023-05-27T08:40:15.920Z - Invalid token

2023-05-27T08:40:15.946Z - Invalid token

2023-05-27T08:40:16.171Z - Invalid token

2023-05-27T08:40:16.202Z - Invalid token

2023-05-27T08:40:16.234Z - Invalid token

2023-05-27T08:40:16.261Z - Invalid token

2023-05-27T08:40:16.345Z - Invalid token

2023-05-27T08:40:16.374Z - Invalid token

2023-05-27T08:40:16.408Z - Invalid token

2023-05-27T08:40:16.657Z - Invalid token

2023-05-27T08:40:16.686Z - Invalid token

2023-05-27T08:40:16.718Z - Invalid token

2023-05-27T08:40:16.743Z - Invalid token

2023-05-27T08:40:16.771Z - Invalid token

2023-05-27T08:40:16.839Z - Invalid token

2023-05-27T08:40:16.888Z - Invalid token

2023-05-27T08:40:16.917Z - Invalid token

2023-05-27T08:40:16.949Z - Invalid token

2023-05-27T08:40:16.977Z - Invalid token

2023-05-27T08:40:17.073Z - Invalid token

2023-05-27T08:40:17.106Z - Invalid token

2023-05-27T08:40:17.136Z - Invalid token

2023-05-27T08:40:17.275Z - Invalid token

2023-05-27T08:40:17.470Z - Invalid token

2023-05-27T08:40:17.506Z - Invalid token

2023-05-27T08:40:17.622Z - Invalid token

2023-05-27T08:40:17.649Z - Invalid token

2023-05-27T08:40:17.673Z - Invalid token

2023-05-27T08:40:17.699Z - Invalid token

2023-05-27T08:40:17.722Z - Invalid token

2023-05-27T08:40:17.749Z - Invalid token

2023-05-27T08:40:17.785Z - Invalid token

2023-05-27T08:40:17.813Z - Invalid token

2023-05-27T08:40:17.838Z - Invalid token

2023-05-27T08:40:17.869Z - Invalid token

2023-05-27T08:40:17.898Z - Invalid token

2023-05-27T08:40:17.976Z - Invalid token

2023-05-27T08:40:18.008Z - Invalid token

2023-05-27T08:41:10.115Z - Invalid token

2023-05-27T08:41:10.158Z - Invalid token

2023-05-27T08:41:10.192Z - Invalid token

2023-05-27T08:41:10.226Z - Invalid token

2023-05-27T08:41:10.265Z - Invalid token

2023-05-27T08:41:10.305Z - Invalid token

2023-05-27T08:41:10.354Z - Invalid token

2023-05-27T08:41:10.384Z - Invalid token

2023-05-27T08:41:10.419Z - Invalid token

2023-05-27T08:41:10.453Z - Invalid token

2023-05-27T08:41:10.493Z - Invalid token

2023-05-27T08:41:10.525Z - Invalid token

2023-05-27T08:41:10.561Z - Invalid token

2023-05-27T08:41:10.601Z - Invalid token

2023-05-27T08:41:10.639Z - Invalid token

2023-05-27T08:41:10.672Z - Invalid token

2023-05-27T08:41:10.699Z - Invalid token

2023-05-27T08:41:10.735Z - Invalid token

2023-05-27T08:41:10.844Z - Invalid token

2023-05-27T08:41:10.876Z - Invalid token

2023-05-27T08:41:10.948Z - Invalid token

2023-05-27T08:41:11.101Z - Invalid token

2023-05-27T08:41:11.389Z - Invalid token

2023-05-27T08:41:11.418Z - Invalid token

2023-05-27T08:41:11.451Z - Invalid token

2023-05-27T08:41:11.482Z - Invalid token

2023-05-27T08:41:11.518Z - Invalid token

2023-05-27T08:41:11.618Z - Invalid token

2023-05-27T08:41:11.647Z - Invalid token

2023-05-27T08:41:11.683Z - Invalid token

2023-05-27T08:41:11.838Z - Invalid token

2023-05-27T08:41:12.037Z - Invalid token

2023-05-27T08:41:12.066Z - Invalid token

2023-05-27T08:41:12.100Z - Invalid token

2023-05-27T08:41:12.134Z - Invalid token

2023-05-27T08:41:12.165Z - Invalid token

2023-05-27T08:41:12.199Z - Invalid token

2023-05-27T08:41:12.230Z - Invalid token

2023-05-27T08:41:12.313Z - Invalid token

2023-05-27T08:41:12.349Z - Invalid token

2023-05-27T08:41:12.414Z - Invalid token

2023-05-27T08:41:12.693Z - Invalid token

2023-05-27T08:41:12.721Z - Invalid token

2023-05-27T08:41:12.746Z - Invalid token

2023-05-27T08:41:12.779Z - Invalid token

2023-05-27T08:41:12.812Z - Invalid token

2023-05-27T08:41:12.845Z - Invalid token

2023-05-27T08:41:12.874Z - Invalid token

2023-05-27T08:41:12.966Z - Invalid token

2023-05-27T08:41:13.027Z - Invalid token

2023-05-27T08:41:13.138Z - Invalid token

2023-05-27T08:41:13.349Z - Invalid token

2023-05-27T08:41:13.378Z - Invalid token

2023-05-27T08:41:13.408Z - Invalid token

2023-05-27T08:41:13.431Z - Invalid token

2023-05-27T08:41:13.465Z - Invalid token

2023-05-27T08:41:13.557Z - Invalid token

2023-05-27T08:41:13.584Z - Invalid token

2023-05-27T08:41:13.626Z - Invalid token

2023-05-27T08:41:13.783Z - Invalid token

2023-05-27T08:41:13.971Z - Invalid token

2023-05-27T08:41:14.007Z - Invalid token

2023-05-27T08:41:14.061Z - Invalid token

2023-05-27T08:41:14.097Z - Invalid token

2023-05-27T08:41:14.143Z - Invalid token

2023-05-27T08:41:14.174Z - Invalid token

2023-05-27T08:41:14.290Z - Invalid token

2023-05-27T08:41:14.323Z - Invalid token

2023-05-27T08:41:14.479Z - Invalid token

2023-05-27T08:41:14.679Z - Invalid token

2023-05-27T08:41:14.713Z - Invalid token

2023-05-27T08:41:14.739Z - Invalid token

2023-05-27T08:41:14.774Z - Invalid token

2023-05-27T08:41:14.802Z - Invalid token

2023-05-27T08:41:14.831Z - Invalid token

2023-05-27T08:41:14.918Z - Invalid token

2023-05-27T08:41:14.949Z - Invalid token

2023-05-27T08:41:14.991Z - Invalid token

2023-05-27T08:41:15.282Z - Invalid token

2023-05-27T08:41:15.329Z - Invalid token

2023-05-27T08:41:15.402Z - Invalid token

2023-05-27T08:41:15.444Z - Invalid token

2023-05-27T08:41:15.475Z - Invalid token

2023-05-27T08:41:15.500Z - Invalid token

2023-05-27T08:41:15.526Z - Invalid token

2023-05-27T08:41:15.564Z - Invalid token

2023-05-27T08:41:15.651Z - Invalid token

2023-05-27T08:41:15.690Z - Invalid token

2023-05-27T08:41:15.719Z - Invalid token

2023-05-27T08:41:15.997Z - Invalid token

2023-05-27T08:41:16.032Z - Invalid token

2023-05-27T08:41:16.067Z - Invalid token

2023-05-27T08:41:16.095Z - Invalid token

2023-05-27T08:41:16.146Z - Invalid token

2023-05-27T08:41:16.181Z - Invalid token

2023-05-27T08:41:16.263Z - Invalid token

2023-05-27T08:41:16.294Z - Invalid token

2023-05-27T08:41:16.324Z - Invalid token

2023-05-27T08:41:16.587Z - Invalid token

2023-05-27T08:41:16.615Z - Invalid token

2023-05-27T08:41:16.664Z - Invalid token

2023-05-27T08:41:18.235Z - Invalid token

2023-05-27T08:44:21.243Z - Invalid token

2023-05-27T08:44:21.366Z - Invalid token

2023-05-27T08:44:21.548Z - Invalid token

2023-05-27T08:44:21.587Z - Invalid token

2023-05-27T08:44:21.621Z - Invalid token

2023-05-27T08:44:21.709Z - Invalid token

2023-05-27T08:44:21.738Z - Invalid token

2023-05-27T08:44:21.775Z - Invalid token

2023-05-27T08:44:21.807Z - Invalid token

2023-05-27T08:44:21.841Z - Invalid token

2023-05-27T08:44:21.877Z - Invalid token

2023-05-27T08:44:21.903Z - Invalid token

2023-05-27T08:44:21.932Z - Invalid token

2023-05-27T08:44:21.959Z - Invalid token

2023-05-27T08:44:22.028Z - Invalid token

2023-05-27T08:44:22.059Z - Invalid token

2023-05-27T08:44:22.092Z - Invalid token

2023-05-27T08:44:22.125Z - Invalid token

2023-05-27T08:44:22.222Z - Invalid token

2023-05-27T08:44:22.249Z - Invalid token

2023-05-27T08:44:22.282Z - Invalid token

2023-05-27T08:44:22.318Z - Invalid token

2023-05-27T08:44:22.531Z - Invalid token

2023-05-27T08:44:22.560Z - Invalid token

2023-05-27T08:44:22.592Z - Invalid token

2023-05-27T08:44:22.629Z - Invalid token

2023-05-27T08:44:22.709Z - Invalid token

2023-05-27T08:44:22.748Z - Invalid token

2023-05-27T08:44:23.002Z - Invalid token

2023-05-27T08:44:23.033Z - Invalid token

2023-05-27T08:44:23.059Z - Invalid token

2023-05-27T08:44:23.086Z - Invalid token

2023-05-27T08:44:23.113Z - Invalid token

2023-05-27T08:44:23.143Z - Invalid token

2023-05-27T08:44:23.177Z - Invalid token

2023-05-27T08:44:23.210Z - Invalid token

2023-05-27T08:44:23.307Z - Invalid token

2023-05-27T08:44:23.343Z - Invalid token

2023-05-27T08:44:23.394Z - Invalid token

2023-05-27T08:44:23.621Z - Invalid token

2023-05-27T08:44:23.659Z - Invalid token

2023-05-27T08:44:23.716Z - Invalid token

2023-05-27T08:44:23.789Z - Invalid token

2023-05-27T08:44:23.825Z - Invalid token

2023-05-27T08:44:23.853Z - Invalid token

2023-05-27T08:44:23.901Z - Invalid token

2023-05-27T08:44:23.932Z - Invalid token

2023-05-27T08:44:23.958Z - Invalid token

2023-05-27T08:44:23.991Z - Invalid token

2023-05-27T08:44:24.091Z - Invalid token

2023-05-27T08:44:24.138Z - Invalid token

2023-05-27T08:44:24.434Z - Invalid token

2023-05-27T08:44:24.466Z - Invalid token

2023-05-27T08:44:24.496Z - Invalid token

2023-05-27T08:44:24.524Z - Invalid token

2023-05-27T08:44:24.559Z - Invalid token

2023-05-27T08:44:24.588Z - Invalid token

2023-05-27T08:44:24.623Z - Invalid token

2023-05-27T08:44:24.659Z - Invalid token

2023-05-27T08:44:24.695Z - Invalid token

2023-05-27T08:44:24.724Z - Invalid token

2023-05-27T08:44:24.753Z - Invalid token

2023-05-27T08:44:24.821Z - Invalid token

2023-05-27T08:44:24.858Z - Invalid token

2023-05-27T08:44:24.898Z - Invalid token

2023-05-27T08:44:24.934Z - Invalid token

2023-05-27T08:44:25.017Z - Invalid token

2023-05-27T08:44:25.045Z - Invalid token

2023-05-27T08:44:25.176Z - Invalid token

2023-05-27T08:44:25.357Z - Invalid token

2023-05-27T08:44:25.389Z - Invalid token

2023-05-27T08:44:25.433Z - Invalid token

2023-05-27T08:44:25.462Z - Invalid token

2023-05-27T08:44:25.504Z - Invalid token

2023-05-27T08:44:25.550Z - Invalid token

2023-05-27T08:44:25.632Z - Invalid token

2023-05-27T08:44:25.680Z - Invalid token

2023-05-27T08:44:25.808Z - Invalid token

2023-05-27T08:44:25.958Z - Invalid token

2023-05-27T08:44:25.990Z - Invalid token

2023-05-27T08:44:26.026Z - Invalid token

2023-05-27T08:44:26.060Z - Invalid token

2023-05-27T08:44:26.087Z - Invalid token

2023-05-27T08:44:26.127Z - Invalid token

2023-05-27T08:44:26.157Z - Invalid token

2023-05-27T08:44:26.190Z - Invalid token

2023-05-27T08:44:26.293Z - Invalid token

2023-05-27T08:44:26.419Z - Invalid token

2023-05-27T08:44:26.576Z - Invalid token

2023-05-27T08:44:26.605Z - Invalid token

2023-05-27T08:44:26.640Z - Invalid token

2023-05-27T08:44:26.677Z - Invalid token

2023-05-27T08:44:26.709Z - Invalid token

2023-05-27T08:44:26.743Z - Invalid token

2023-05-27T08:44:26.774Z - Invalid token

2023-05-27T08:44:26.868Z - Invalid token

2023-05-27T08:44:26.901Z - Invalid token

2023-05-27T08:44:27.033Z - Invalid token

2023-05-27T08:44:27.210Z - Invalid token

2023-05-27T08:44:27.241Z - Invalid token

2023-05-27T08:44:27.273Z - Invalid token

2023-05-27T08:44:27.306Z - Invalid token

2023-05-27T08:44:27.338Z - Invalid token

2023-05-27T08:44:27.371Z - Invalid token

2023-05-27T08:44:27.399Z - Invalid token

2023-05-27T08:44:27.430Z - Invalid token

2023-05-27T08:44:27.529Z - Invalid token

2023-05-27T08:44:27.573Z - Invalid token

2023-05-27T08:44:27.830Z - Invalid token

2023-05-27T08:44:27.892Z - Invalid token

2023-05-27T08:44:27.935Z - Invalid token

2023-05-27T08:44:27.959Z - Invalid token

2023-05-27T08:44:27.995Z - Invalid token

2023-05-27T08:44:28.026Z - Invalid token

2023-05-27T08:44:28.061Z - Invalid token

2023-05-27T08:44:28.094Z - Invalid token

2023-05-27T08:44:28.128Z - Invalid token

2023-05-27T08:44:28.165Z - Invalid token

2023-05-27T08:44:28.254Z - Invalid token

2023-05-27T08:44:28.323Z - Invalid token

2023-05-27T08:44:28.565Z - Invalid token

2023-05-27T08:44:28.592Z - Invalid token

2023-05-27T08:44:28.623Z - Invalid token

2023-05-27T08:44:28.653Z - Invalid token

2023-05-27T08:44:28.684Z - Invalid token

2023-05-27T08:44:28.711Z - Invalid token

2023-05-27T08:44:28.744Z - Invalid token

2023-05-27T08:44:28.777Z - Invalid token

2023-05-27T08:44:28.864Z - Invalid token

2023-05-27T08:44:28.896Z - Invalid token

2023-05-27T08:44:29.033Z - Invalid token

2023-05-27T08:44:29.224Z - Invalid token

2023-05-27T08:44:29.256Z - Invalid token

2023-05-27T08:44:29.290Z - Invalid token

2023-05-27T08:44:29.326Z - Invalid token

2023-05-27T08:44:29.408Z - Invalid token

2023-05-27T08:44:29.449Z - Invalid token

2023-05-27T08:44:29.480Z - Invalid token

2023-05-27T08:44:29.734Z - Invalid token

2023-05-27T08:44:29.773Z - Invalid token

2023-05-27T08:44:29.813Z - Invalid token

2023-05-27T08:44:29.846Z - Invalid token

2023-05-27T08:44:29.888Z - Invalid token

2023-05-27T08:45:20.575Z - Incorrect email or password!

2023-05-27T08:45:44.582Z - Invalid token

2023-05-27T08:45:44.656Z - Invalid token

2023-05-27T08:45:44.689Z - Invalid token

2023-05-27T08:45:44.784Z - Invalid token

2023-05-27T08:45:44.814Z - Invalid token

2023-05-27T08:45:44.859Z - Invalid token

2023-05-27T08:45:44.888Z - Invalid token

2023-05-27T08:45:44.920Z - Invalid token

2023-05-27T08:45:44.949Z - Invalid token

2023-05-27T08:45:44.987Z - Invalid token

2023-05-27T08:45:45.015Z - Invalid token

2023-05-27T08:45:45.050Z - Invalid token

2023-05-27T08:45:45.079Z - Invalid token

2023-05-27T08:45:45.115Z - Invalid token

2023-05-27T08:45:45.149Z - Invalid token

2023-05-27T08:45:45.182Z - Invalid token

2023-05-27T08:45:45.279Z - Invalid token

2023-05-27T08:45:45.317Z - Invalid token

2023-05-27T08:45:45.347Z - Invalid token

2023-05-27T08:45:45.446Z - Invalid token

2023-05-27T08:45:45.601Z - Invalid token

2023-05-27T08:45:45.627Z - Invalid token

2023-05-27T08:45:45.657Z - Invalid token

2023-05-27T08:45:45.726Z - Invalid token

2023-05-27T08:45:45.762Z - Invalid token

2023-05-27T08:45:45.797Z - Invalid token

2023-05-27T08:45:45.897Z - Invalid token

2023-05-27T08:45:46.066Z - Invalid token

2023-05-27T08:45:46.107Z - Invalid token

2023-05-27T08:45:46.136Z - Invalid token

2023-05-27T08:45:46.210Z - Invalid token

2023-05-27T08:45:46.245Z - Invalid token

2023-05-27T08:45:46.276Z - Invalid token

2023-05-27T08:45:46.309Z - Invalid token

2023-05-27T08:45:46.340Z - Invalid token

2023-05-27T08:45:46.365Z - Invalid token

2023-05-27T08:45:46.398Z - Invalid token

2023-05-27T08:45:46.442Z - Invalid token

2023-05-27T08:45:46.473Z - Invalid token

2023-05-27T08:45:46.500Z - Invalid token

2023-05-27T08:45:46.530Z - Invalid token

2023-05-27T08:45:46.565Z - Invalid token

2023-05-27T08:45:46.600Z - Invalid token

2023-05-27T08:45:46.685Z - Invalid token

2023-05-27T08:45:46.713Z - Invalid token

2023-05-27T08:45:46.848Z - Invalid token

2023-05-27T08:45:47.019Z - Invalid token

2023-05-27T08:45:47.053Z - Invalid token

2023-05-27T08:45:47.120Z - Invalid token

2023-05-27T08:45:47.197Z - Invalid token

2023-05-27T08:45:47.231Z - Invalid token

2023-05-27T08:45:47.262Z - Invalid token

2023-05-27T08:45:47.295Z - Invalid token

2023-05-27T08:45:47.326Z - Invalid token

2023-05-27T08:45:47.397Z - Invalid token

2023-05-27T08:45:47.434Z - Invalid token

2023-05-27T08:45:47.561Z - Invalid token

2023-05-27T08:45:47.704Z - Invalid token

2023-05-27T08:45:47.733Z - Invalid token

2023-05-27T08:45:47.793Z - Invalid token

2023-05-27T08:45:47.833Z - Invalid token

2023-05-27T08:45:47.882Z - Invalid token

2023-05-27T08:45:47.940Z - Invalid token

2023-05-27T08:45:47.982Z - Invalid token

2023-05-27T08:45:48.031Z - Invalid token

2023-05-27T08:45:48.074Z - Invalid token

2023-05-27T08:45:48.119Z - Invalid token

2023-05-27T08:45:48.200Z - Invalid token

2023-05-27T08:45:48.242Z - Invalid token

2023-05-27T08:45:48.348Z - Invalid token

2023-05-27T08:45:48.390Z - Invalid token

2023-05-27T08:45:48.536Z - Invalid token

2023-05-27T08:45:48.703Z - Invalid token

2023-05-27T08:45:48.735Z - Invalid token

2023-05-27T08:45:48.769Z - Invalid token

2023-05-27T08:45:48.815Z - Invalid token

2023-05-27T08:45:48.849Z - Invalid token

2023-05-27T08:45:48.887Z - Invalid token

2023-05-27T08:45:48.995Z - Invalid token

2023-05-27T08:45:49.045Z - Invalid token

2023-05-27T08:45:49.084Z - Invalid token

2023-05-27T08:45:49.277Z - Invalid token

2023-05-27T08:45:49.462Z - Invalid token

2023-05-27T08:45:49.492Z - Invalid token

2023-05-27T08:45:49.516Z - Invalid token

2023-05-27T08:45:49.549Z - Invalid token

2023-05-27T08:45:49.628Z - Invalid token

2023-05-27T08:45:49.671Z - Invalid token

2023-05-27T08:45:49.704Z - Invalid token

2023-05-27T08:45:49.732Z - Invalid token

2023-05-27T08:45:49.762Z - Invalid token

2023-05-27T08:45:49.850Z - Invalid token

2023-05-27T08:45:49.888Z - Invalid token

2023-05-27T08:45:49.926Z - Invalid token

2023-05-27T08:45:50.088Z - Invalid token

2023-05-27T08:45:50.287Z - Invalid token

2023-05-27T08:45:50.320Z - Invalid token

2023-05-27T08:45:50.353Z - Invalid token

2023-05-27T08:45:50.394Z - Invalid token

2023-05-27T08:45:50.426Z - Invalid token

2023-05-27T08:45:50.458Z - Invalid token

2023-05-27T08:45:50.488Z - Invalid token

2023-05-27T08:45:50.521Z - Invalid token

2023-05-27T08:45:50.551Z - Invalid token

2023-05-27T08:45:50.682Z - Invalid token

2023-05-27T08:45:50.724Z - Invalid token

2023-05-27T08:45:50.938Z - Invalid token

2023-05-27T08:45:51.259Z - Invalid token

2023-05-27T08:45:51.322Z - Invalid token

2023-05-27T08:45:51.370Z - Invalid token

2023-05-27T08:45:51.397Z - Invalid token

2023-05-27T08:45:51.409Z - Invalid token

2023-05-27T08:45:51.431Z - Invalid token

2023-05-27T08:48:12.763Z - Invalid token

2023-05-27T08:48:38.729Z - Invalid token

2023-05-27T08:49:12.578Z - Invalid token

2023-05-27T08:49:12.621Z - Invalid token

2023-05-27T08:49:12.653Z - Invalid token

2023-05-27T08:49:12.683Z - Invalid token

2023-05-27T08:49:12.717Z - Invalid token

2023-05-27T08:49:12.745Z - Invalid token

2023-05-27T08:49:12.771Z - Invalid token

2023-05-27T08:49:12.807Z - Invalid token

2023-05-27T08:49:12.846Z - Invalid token

2023-05-27T08:49:12.880Z - Invalid token

2023-05-27T08:49:12.914Z - Invalid token

2023-05-27T08:49:12.940Z - Invalid token

2023-05-27T08:49:12.973Z - Invalid token

2023-05-27T08:49:13.004Z - Invalid token

2023-05-27T08:49:13.037Z - Invalid token

2023-05-27T08:49:13.068Z - Invalid token

2023-05-27T08:49:13.099Z - Invalid token

2023-05-27T08:49:13.193Z - Invalid token

2023-05-27T08:49:13.256Z - Invalid token

2023-05-27T08:49:13.372Z - Invalid token

2023-05-27T08:49:13.582Z - Invalid token

2023-05-27T08:49:13.623Z - Invalid token

2023-05-27T08:49:13.696Z - Invalid token

2023-05-27T08:49:13.781Z - Invalid token

2023-05-27T08:49:13.807Z - Invalid token

2023-05-27T08:49:13.837Z - Invalid token

2023-05-27T08:49:13.868Z - Invalid token

2023-05-27T08:49:13.898Z - Invalid token

2023-05-27T08:49:13.957Z - Invalid token

2023-05-27T08:49:13.988Z - Invalid token

2023-05-27T08:49:14.027Z - Invalid token

2023-05-27T08:49:14.056Z - Invalid token

2023-05-27T08:49:14.158Z - Invalid token

2023-05-27T08:49:14.189Z - Invalid token

2023-05-27T08:49:14.330Z - Invalid token

2023-05-27T08:49:14.527Z - Invalid token

2023-05-27T08:49:14.553Z - Invalid token

2023-05-27T08:49:14.583Z - Invalid token

2023-05-27T08:49:14.612Z - Invalid token

2023-05-27T08:49:14.640Z - Invalid token

2023-05-27T08:49:14.668Z - Invalid token

2023-05-27T08:49:14.698Z - Invalid token

2023-05-27T08:49:14.722Z - Invalid token

2023-05-27T08:49:14.802Z - Invalid token

2023-05-27T08:49:14.829Z - Invalid token

2023-05-27T08:49:14.860Z - Invalid token

2023-05-27T08:49:15.014Z - Invalid token

2023-05-27T08:49:15.221Z - Invalid token

2023-05-27T08:49:15.256Z - Invalid token

2023-05-27T08:49:15.288Z - Invalid token

2023-05-27T08:49:15.325Z - Invalid token

2023-05-27T08:49:15.360Z - Invalid token

2023-05-27T08:49:15.392Z - Invalid token

2023-05-27T08:49:15.485Z - Invalid token

2023-05-27T08:49:15.520Z - Invalid token

2023-05-27T08:49:15.588Z - Invalid token

2023-05-27T08:49:15.878Z - Invalid token

2023-05-27T08:49:15.908Z - Invalid token

2023-05-27T08:49:15.939Z - Invalid token

2023-05-27T08:49:15.975Z - Invalid token

2023-05-27T08:49:16.009Z - Invalid token

2023-05-27T08:49:16.099Z - Invalid token

2023-05-27T08:49:16.129Z - Invalid token

2023-05-27T08:49:16.165Z - Invalid token

2023-05-27T08:49:16.313Z - Invalid token

2023-05-27T08:49:16.531Z - Invalid token

2023-05-27T08:49:16.557Z - Invalid token

2023-05-27T08:49:16.590Z - Invalid token

2023-05-27T08:49:16.627Z - Invalid token

2023-05-27T08:49:16.722Z - Invalid token

2023-05-27T08:49:16.759Z - Invalid token

2023-05-27T08:49:16.823Z - Invalid token

2023-05-27T08:49:17.112Z - Invalid token

2023-05-27T08:49:17.146Z - Invalid token

2023-05-27T08:49:17.171Z - Invalid token

2023-05-27T08:49:17.203Z - Invalid token

2023-05-27T08:49:17.250Z - Invalid token

2023-05-27T08:49:17.278Z - Invalid token

2023-05-27T08:49:17.304Z - Invalid token

2023-05-27T08:49:17.396Z - Invalid token

2023-05-27T08:49:17.466Z - Invalid token

2023-05-27T08:49:17.592Z - Invalid token

2023-05-27T08:49:17.753Z - Invalid token

2023-05-27T08:49:17.818Z - Invalid token

2023-05-27T08:49:17.858Z - Invalid token

2023-05-27T08:49:17.888Z - Invalid token

2023-05-27T08:49:17.923Z - Invalid token

2023-05-27T08:49:17.957Z - Invalid token

2023-05-27T08:49:17.988Z - Invalid token

2023-05-27T08:49:18.071Z - Invalid token

2023-05-27T08:49:18.106Z - Invalid token

2023-05-27T08:49:18.245Z - Invalid token

2023-05-27T08:49:18.410Z - Invalid token

2023-05-27T08:49:18.443Z - Invalid token

2023-05-27T08:49:18.471Z - Invalid token

2023-05-27T08:49:18.505Z - Invalid token

2023-05-27T08:49:18.536Z - Invalid token

2023-05-27T08:49:18.568Z - Invalid token

2023-05-27T08:49:18.594Z - Invalid token

2023-05-27T08:49:18.626Z - Invalid token

2023-05-27T08:49:18.704Z - Invalid token

2023-05-27T08:49:18.744Z - Invalid token

2023-05-27T08:49:19.037Z - Invalid token

2023-05-27T08:49:19.087Z - Invalid token

2023-05-27T08:49:19.128Z - Invalid token

2023-05-27T08:49:19.165Z - Invalid token

2023-05-27T08:49:19.201Z - Invalid token

2023-05-27T08:49:19.234Z - Invalid token

2023-05-27T08:49:19.267Z - Invalid token

2023-05-27T08:49:19.298Z - Invalid token

2023-05-27T08:49:19.326Z - Invalid token

2023-05-27T08:49:19.353Z - Invalid token

2023-05-27T08:49:19.434Z - Invalid token

2023-05-27T08:49:19.462Z - Invalid token

2023-05-27T08:49:19.500Z - Invalid token

2023-05-27T08:49:19.537Z - Invalid token

2023-05-27T08:49:19.693Z - Invalid token

2023-05-27T08:49:19.873Z - Invalid token

2023-05-27T08:49:19.902Z - Invalid token

2023-05-27T08:49:19.930Z - Invalid token

2023-05-27T08:49:19.957Z - Invalid token

2023-05-27T08:49:19.985Z - Invalid token

2023-05-27T08:49:20.022Z - Invalid token

2023-05-27T08:49:20.053Z - Invalid token

2023-05-27T08:49:20.135Z - Invalid token

2023-05-27T08:49:20.167Z - Invalid token

2023-05-27T08:49:20.298Z - Invalid token

2023-05-27T08:49:20.503Z - Invalid token

2023-05-27T08:49:20.597Z - Invalid token

2023-05-27T08:49:20.673Z - Invalid token

2023-05-27T08:49:20.709Z - Invalid token

2023-05-27T08:49:20.751Z - Invalid token

2023-05-27T08:49:20.802Z - Invalid token

2023-05-27T08:49:20.837Z - Invalid token

2023-05-27T08:49:20.876Z - Invalid token

2023-05-27T08:49:20.901Z - Invalid token

2023-05-27T08:49:20.935Z - Invalid token

2023-05-27T08:49:21.019Z - Invalid token

2023-05-27T08:49:21.050Z - Invalid token

2023-05-27T08:49:21.077Z - Invalid token

2023-05-27T08:49:21.351Z - Invalid token

2023-05-27T08:50:09.898Z - Invalid token

2023-05-27T08:50:09.988Z - Invalid token

2023-05-27T08:50:10.020Z - Invalid token

2023-05-27T08:50:10.045Z - Invalid token

2023-05-27T08:50:10.074Z - Invalid token

2023-05-27T08:50:10.096Z - Invalid token

2023-05-27T08:50:10.176Z - Invalid token

2023-05-27T08:50:10.208Z - Invalid token

2023-05-27T08:50:10.237Z - Invalid token

2023-05-27T08:50:10.266Z - Invalid token

2023-05-27T08:50:10.374Z - Invalid token

2023-05-27T08:50:10.583Z - Invalid token

2023-05-27T08:50:10.610Z - Invalid token

2023-05-27T08:50:10.653Z - Invalid token

2023-05-27T08:50:10.679Z - Invalid token

2023-05-27T08:50:10.706Z - Invalid token

2023-05-27T08:50:10.732Z - Invalid token

2023-05-27T08:50:10.762Z - Invalid token

2023-05-27T08:50:10.794Z - Invalid token

2023-05-27T08:50:10.818Z - Invalid token

2023-05-27T08:50:10.847Z - Invalid token

2023-05-27T08:50:10.878Z - Invalid token

2023-05-27T08:50:10.908Z - Invalid token

2023-05-27T08:50:10.990Z - Invalid token

2023-05-27T08:50:11.018Z - Invalid token

2023-05-27T08:50:11.045Z - Invalid token

2023-05-27T08:50:11.073Z - Invalid token

2023-05-27T08:50:11.285Z - Invalid token

2023-05-27T08:50:11.313Z - Invalid token

2023-05-27T08:50:11.342Z - Invalid token

2023-05-27T08:50:11.379Z - Invalid token

2023-05-27T08:50:11.448Z - Invalid token

2023-05-27T08:50:11.529Z - Invalid token

2023-05-27T08:50:11.565Z - Invalid token

2023-05-27T08:50:11.596Z - Invalid token

2023-05-27T08:50:11.725Z - Invalid token

2023-05-27T08:50:11.861Z - Invalid token

2023-05-27T08:50:11.890Z - Invalid token

2023-05-27T08:50:11.917Z - Invalid token

2023-05-27T08:50:11.939Z - Invalid token

2023-05-27T08:50:11.965Z - Invalid token

2023-05-27T08:50:11.988Z - Invalid token

2023-05-27T08:50:12.017Z - Invalid token

2023-05-27T08:50:12.040Z - Invalid token

2023-05-27T08:50:12.067Z - Invalid token

2023-05-27T08:50:12.087Z - Invalid token

2023-05-27T08:50:12.117Z - Invalid token

2023-05-27T08:50:12.141Z - Invalid token

2023-05-27T08:50:12.213Z - Invalid token

2023-05-27T08:50:12.244Z - Invalid token

2023-05-27T08:50:12.274Z - Invalid token

2023-05-27T08:50:12.397Z - Invalid token

2023-05-27T08:50:12.566Z - Invalid token

2023-05-27T08:50:12.594Z - Invalid token

2023-05-27T08:50:12.694Z - Invalid token

2023-05-27T08:50:12.725Z - Invalid token

2023-05-27T08:50:12.753Z - Invalid token

2023-05-27T08:50:12.777Z - Invalid token

2023-05-27T08:50:12.811Z - Invalid token

2023-05-27T08:50:12.847Z - Invalid token

2023-05-27T08:50:12.873Z - Invalid token

2023-05-27T08:50:12.899Z - Invalid token

2023-05-27T08:50:12.925Z - Invalid token

2023-05-27T08:50:12.952Z - Invalid token

2023-05-27T08:50:12.979Z - Invalid token

2023-05-27T08:50:13.066Z - Invalid token

2023-05-27T08:50:13.095Z - Invalid token

2023-05-27T08:50:13.129Z - Invalid token

2023-05-27T08:50:13.271Z - Invalid token

2023-05-27T08:50:13.411Z - Invalid token

2023-05-27T08:50:13.439Z - Invalid token

2023-05-27T08:50:13.466Z - Invalid token

2023-05-27T08:50:13.492Z - Invalid token

2023-05-27T08:50:13.521Z - Invalid token

2023-05-27T08:50:13.552Z - Invalid token

2023-05-27T08:50:13.586Z - Invalid token

2023-05-27T08:50:13.628Z - Invalid token

2023-05-27T08:50:13.707Z - Invalid token

2023-05-27T08:50:13.742Z - Invalid token

2023-05-27T08:50:13.877Z - Invalid token

2023-05-27T08:50:14.062Z - Invalid token

2023-05-27T08:50:14.099Z - Invalid token

2023-05-27T08:50:14.138Z - Invalid token

2023-05-27T08:50:14.174Z - Invalid token

2023-05-27T08:50:14.226Z - Invalid token

2023-05-27T08:50:14.260Z - Invalid token

2023-05-27T08:50:14.356Z - Invalid token

2023-05-27T08:50:14.411Z - Invalid token

2023-05-27T08:50:14.444Z - Invalid token

2023-05-27T08:50:14.522Z - Invalid token

2023-05-27T08:50:14.557Z - Invalid token

2023-05-27T08:50:14.797Z - Invalid token

2023-05-27T08:50:14.839Z - Invalid token

2023-05-27T08:50:14.871Z - Invalid token

2023-05-27T08:50:14.913Z - Invalid token

2023-05-27T08:50:14.955Z - Invalid token

2023-05-27T08:50:14.990Z - Invalid token

2023-05-27T08:50:15.026Z - Invalid token

2023-05-27T08:50:15.053Z - Invalid token

2023-05-27T08:50:15.083Z - Invalid token

2023-05-27T08:50:15.110Z - Invalid token

2023-05-27T08:50:15.204Z - Invalid token

2023-05-27T08:50:15.355Z - Invalid token

2023-05-27T08:50:15.520Z - Invalid token

2023-05-27T08:50:15.548Z - Invalid token

2023-05-27T08:50:15.581Z - Invalid token

2023-05-27T08:50:15.614Z - Invalid token

2023-05-27T08:50:15.644Z - Invalid token

2023-05-27T08:50:15.677Z - Invalid token

2023-05-27T08:50:15.762Z - Invalid token

2023-05-27T08:50:15.810Z - Invalid token

2023-05-27T08:50:16.056Z - Invalid token

2023-05-27T08:50:16.084Z - Invalid token

2023-05-27T08:50:16.115Z - Invalid token

2023-05-27T08:50:16.142Z - Invalid token

2023-05-27T08:50:16.180Z - Invalid token

2023-05-27T08:50:16.215Z - Invalid token

2023-05-27T08:50:16.251Z - Invalid token

2023-05-27T08:50:16.285Z - Invalid token

2023-05-27T08:50:16.316Z - Invalid token

2023-05-27T08:50:16.346Z - Invalid token

2023-05-27T08:50:16.380Z - Invalid token

2023-05-27T08:50:16.460Z - Invalid token

2023-05-27T08:50:16.488Z - Invalid token

2023-05-27T08:50:16.532Z - Invalid token

2023-05-27T08:50:16.790Z - Invalid token

2023-05-27T08:50:16.818Z - Invalid token

2023-05-27T08:50:16.842Z - Invalid token

2023-05-27T08:50:16.874Z - Invalid token

2023-05-27T08:50:16.904Z - Invalid token

2023-05-27T08:50:16.930Z - Invalid token

2023-05-27T08:50:17.072Z - Invalid token

2023-05-27T08:50:17.104Z - Invalid token

2023-05-27T08:50:17.146Z - Invalid token

2023-05-27T08:50:17.261Z - Invalid token

2023-05-27T08:50:17.429Z - Invalid token

2023-05-27T08:50:17.463Z - Invalid token

2023-05-27T08:50:17.493Z - Invalid token

2023-05-27T08:50:17.526Z - Invalid token

2023-05-27T08:50:17.557Z - Invalid token

2023-05-27T08:50:17.589Z - Invalid token

2023-05-27T08:50:17.643Z - Invalid token

2023-05-27T08:50:17.681Z - Invalid token

2023-05-27T08:50:17.722Z - Invalid token

2023-05-27T08:50:17.746Z - Invalid token

2023-05-27T08:50:17.834Z - Invalid token

2023-05-27T08:50:17.862Z - Invalid token

2023-05-27T08:50:17.996Z - Invalid token

2023-05-27T08:50:18.147Z - Invalid token

2023-05-27T08:50:18.180Z - Invalid token

2023-05-27T08:50:18.208Z - Invalid token

2023-05-27T08:50:18.233Z - Invalid token

2023-05-27T08:50:18.258Z - Invalid token

2023-05-27T08:50:18.288Z - Invalid token

2023-05-27T08:50:18.311Z - Invalid token

2023-05-27T08:50:18.343Z - Invalid token

2023-05-27T08:50:18.370Z - Invalid token

2023-05-27T08:50:18.398Z - Invalid token

2023-05-27T08:50:18.474Z - Invalid token

2023-05-27T08:50:18.510Z - Invalid token

2023-05-27T08:50:18.540Z - Invalid token

2023-05-27T08:50:18.777Z - Invalid token

2023-05-27T08:50:18.811Z - Invalid token

2023-05-27T08:50:18.842Z - Invalid token

2023-05-27T08:50:18.873Z - Invalid token

2023-05-27T08:50:18.897Z - Invalid token

2023-05-27T08:50:18.929Z - Invalid token

2023-05-27T08:50:18.962Z - Invalid token

2023-05-27T08:50:18.996Z - Invalid token

2023-05-27T08:50:19.027Z - Invalid token

2023-05-27T08:50:19.061Z - Invalid token

2023-05-27T08:50:19.157Z - Invalid token

2023-05-27T08:50:19.219Z - Invalid token

2023-05-27T08:50:19.355Z - Invalid token

2023-05-27T08:50:19.501Z - Invalid token

2023-05-27T08:50:19.529Z - Invalid token

2023-05-27T08:50:19.557Z - Invalid token

2023-05-27T08:50:19.586Z - Invalid token

2023-05-27T08:50:19.609Z - Invalid token

2023-05-27T08:50:19.642Z - Invalid token

2023-05-27T08:50:19.715Z - Invalid token

2023-05-27T08:50:19.753Z - Invalid token

2023-05-27T08:50:19.779Z - Invalid token

2023-05-27T08:50:19.812Z - Invalid token

2023-05-27T08:50:19.844Z - Invalid token

2023-05-27T08:50:19.941Z - Invalid token

2023-05-27T08:50:19.972Z - Invalid token

2023-05-27T08:50:20.011Z - Invalid token

2023-05-27T08:50:20.268Z - Invalid token

2023-05-27T08:50:20.295Z - Invalid token

2023-05-27T08:50:20.338Z - Invalid token

2023-05-27T08:50:20.366Z - Invalid token

2023-05-27T08:50:20.400Z - Invalid token

2023-05-27T08:50:20.434Z - Invalid token

2023-05-27T08:50:20.462Z - Invalid token

2023-05-27T08:50:20.496Z - Invalid token

2023-05-27T08:50:20.584Z - Invalid token

2023-05-27T08:50:20.608Z - Invalid token

2023-05-27T08:50:20.642Z - Invalid token

2023-05-27T08:51:15.313Z - Invalid token

2023-05-27T08:52:21.106Z - Invalid token

2023-05-27T08:55:00.540Z - Invalid token

2023-05-27T08:55:00.599Z - Invalid token

2023-05-27T08:55:00.714Z - Invalid token

2023-05-27T08:55:00.845Z - Invalid token

2023-05-27T08:55:00.877Z - Invalid token

2023-05-27T08:55:00.908Z - Invalid token

2023-05-27T08:55:00.939Z - Invalid token

2023-05-27T08:55:00.963Z - Invalid token

2023-05-27T08:55:01.035Z - Invalid token

2023-05-27T08:55:01.065Z - Invalid token

2023-05-27T08:55:01.090Z - Invalid token

2023-05-27T08:55:01.125Z - Invalid token

2023-05-27T08:55:01.155Z - Invalid token

2023-05-27T08:55:01.178Z - Invalid token

2023-05-27T08:55:01.206Z - Invalid token

2023-05-27T08:55:01.242Z - Invalid token

2023-05-27T08:55:01.274Z - Invalid token

2023-05-27T08:55:01.299Z - Invalid token

2023-05-27T08:55:01.325Z - Invalid token

2023-05-27T08:55:01.356Z - Invalid token

2023-05-27T08:55:01.382Z - Invalid token

2023-05-27T08:55:01.408Z - Invalid token

2023-05-27T08:55:01.437Z - Invalid token

2023-05-27T08:55:01.520Z - Invalid token

2023-05-27T08:55:01.594Z - Invalid token

2023-05-27T08:55:01.800Z - Invalid token

2023-05-27T08:55:01.830Z - Invalid token

2023-05-27T08:55:01.860Z - Invalid token

2023-05-27T08:55:01.888Z - Invalid token

2023-05-27T08:55:01.920Z - Invalid token

2023-05-27T08:55:01.947Z - Invalid token

2023-05-27T08:55:01.972Z - Invalid token

2023-05-27T08:55:02.005Z - Invalid token

2023-05-27T08:55:02.074Z - Invalid token

2023-05-27T08:55:02.107Z - Invalid token

2023-05-27T08:55:02.236Z - Invalid token

2023-05-27T08:55:02.391Z - Invalid token

2023-05-27T08:55:02.424Z - Invalid token

2023-05-27T08:55:02.451Z - Invalid token

2023-05-27T08:55:02.478Z - Invalid token

2023-05-27T08:55:02.503Z - Invalid token

2023-05-27T08:55:02.530Z - Invalid token

2023-05-27T08:55:02.555Z - Invalid token

2023-05-27T08:55:02.584Z - Invalid token

2023-05-27T08:55:02.662Z - Invalid token

2023-05-27T08:55:02.695Z - Invalid token

2023-05-27T08:55:02.729Z - Invalid token

2023-05-27T08:55:02.825Z - Invalid token

2023-05-27T08:55:03.016Z - Invalid token

2023-05-27T08:55:03.046Z - Invalid token

2023-05-27T08:55:03.073Z - Invalid token

2023-05-27T08:55:03.167Z - Invalid token

2023-05-27T08:55:03.193Z - Invalid token

2023-05-27T08:55:03.219Z - Invalid token

2023-05-27T08:55:03.243Z - Invalid token

2023-05-27T08:55:03.279Z - Invalid token

2023-05-27T08:55:03.307Z - Invalid token

2023-05-27T08:55:03.336Z - Invalid token

2023-05-27T08:55:03.364Z - Invalid token

2023-05-27T08:55:03.437Z - Invalid token

2023-05-27T08:55:03.463Z - Invalid token

2023-05-27T08:55:03.492Z - Invalid token

2023-05-27T08:55:03.726Z - Invalid token

2023-05-27T08:55:03.756Z - Invalid token

2023-05-27T08:55:03.782Z - Invalid token

2023-05-27T08:55:03.806Z - Invalid token

2023-05-27T08:55:03.830Z - Invalid token

2023-05-27T08:55:03.855Z - Invalid token

2023-05-27T08:55:03.880Z - Invalid token

2023-05-27T08:55:03.911Z - Invalid token

2023-05-27T08:55:03.939Z - Invalid token

2023-05-27T08:55:03.965Z - Invalid token

2023-05-27T08:55:04.020Z - Invalid token

2023-05-27T08:55:04.064Z - Invalid token

2023-05-27T08:55:04.150Z - Invalid token

2023-05-27T08:55:04.180Z - Invalid token

2023-05-27T08:55:04.219Z - Invalid token

2023-05-27T08:55:04.453Z - Invalid token

2023-05-27T08:55:04.483Z - Invalid token

2023-05-27T08:55:04.508Z - Invalid token

2023-05-27T08:55:04.536Z - Invalid token

2023-05-27T08:55:04.565Z - Invalid token

2023-05-27T08:55:04.593Z - Invalid token

2023-05-27T08:55:04.622Z - Invalid token

2023-05-27T08:55:04.646Z - Invalid token

2023-05-27T08:55:04.671Z - Invalid token

2023-05-27T08:55:04.700Z - Invalid token

2023-05-27T08:55:04.726Z - Invalid token

2023-05-27T08:55:04.751Z - Invalid token

2023-05-27T08:55:04.776Z - Invalid token

2023-05-27T08:55:04.801Z - Invalid token

2023-05-27T08:55:04.826Z - Invalid token

2023-05-27T08:55:04.851Z - Invalid token

2023-05-27T08:55:04.876Z - Invalid token

2023-05-27T08:55:04.906Z - Invalid token

2023-05-27T08:55:04.936Z - Invalid token

2023-05-27T08:55:04.962Z - Invalid token

2023-05-27T08:55:05.033Z - Invalid token

2023-05-27T08:55:05.064Z - Invalid token

2023-05-27T08:55:05.099Z - Invalid token

2023-05-27T08:55:05.333Z - Invalid token

2023-05-27T08:55:05.366Z - Invalid token

2023-05-27T08:55:05.398Z - Invalid token

2023-05-27T08:55:05.439Z - Invalid token

2023-05-27T08:55:05.464Z - Invalid token

2023-05-27T08:55:05.489Z - Invalid token

2023-05-27T08:55:05.513Z - Invalid token

2023-05-27T08:55:05.539Z - Invalid token

2023-05-27T08:55:05.564Z - Invalid token

2023-05-27T08:55:05.589Z - Invalid token

2023-05-27T08:55:05.612Z - Invalid token

2023-05-27T08:55:05.638Z - Invalid token

2023-05-27T08:55:05.709Z - Invalid token

2023-05-27T08:55:05.736Z - Invalid token

2023-05-27T08:55:05.762Z - Invalid token

2023-05-27T08:55:05.788Z - Invalid token

2023-05-27T08:55:06.015Z - Invalid token

2023-05-27T08:55:06.041Z - Invalid token

2023-05-27T08:55:06.067Z - Invalid token

2023-05-27T08:55:06.093Z - Invalid token

2023-05-27T08:55:06.120Z - Invalid token

2023-05-27T08:55:06.189Z - Invalid token

2023-05-27T08:55:06.215Z - Invalid token

2023-05-27T08:55:06.238Z - Invalid token

2023-05-27T08:55:06.261Z - Invalid token

2023-05-27T08:55:06.285Z - Invalid token

2023-05-27T08:55:06.312Z - Invalid token

2023-05-27T08:55:06.335Z - Invalid token

2023-05-27T08:55:06.420Z - Invalid token

2023-05-27T08:55:06.446Z - Invalid token

2023-05-27T08:55:06.470Z - Invalid token

2023-05-27T08:55:06.592Z - Invalid token

2023-05-27T08:55:06.737Z - Invalid token

2023-05-27T08:55:06.766Z - Invalid token

2023-05-27T08:55:06.790Z - Invalid token

2023-05-27T08:55:06.813Z - Invalid token

2023-05-27T08:55:06.836Z - Invalid token

2023-05-27T08:55:06.860Z - Invalid token

2023-05-27T08:55:06.885Z - Invalid token

2023-05-27T08:55:06.910Z - Invalid token

2023-05-27T08:55:06.936Z - Invalid token

2023-05-27T08:55:06.961Z - Invalid token

2023-05-27T08:55:07.036Z - Invalid token

2023-05-27T08:55:07.062Z - Invalid token

2023-05-27T08:55:07.106Z - Invalid token

2023-05-27T08:55:07.316Z - Invalid token

2023-05-27T08:55:07.341Z - Invalid token

2023-05-27T08:55:07.371Z - Invalid token

2023-05-27T08:55:07.395Z - Invalid token

2023-05-27T08:55:07.423Z - Invalid token

2023-05-27T08:55:07.451Z - Invalid token

2023-05-27T08:55:07.476Z - Invalid token

2023-05-27T08:55:07.501Z - Invalid token

2023-05-27T08:55:07.525Z - Invalid token

2023-05-27T08:55:07.553Z - Invalid token

2023-05-27T08:55:07.629Z - Invalid token

2023-05-27T08:55:07.655Z - Invalid token

2023-05-27T08:55:07.683Z - Invalid token

2023-05-27T08:55:07.915Z - Invalid token

2023-05-27T08:55:07.943Z - Invalid token

2023-05-27T08:55:07.968Z - Invalid token

2023-05-27T08:55:07.993Z - Invalid token

2023-05-27T08:55:08.017Z - Invalid token

2023-05-27T08:55:08.042Z - Invalid token

2023-05-27T08:55:08.069Z - Invalid token

2023-05-27T08:55:08.095Z - Invalid token

2023-05-27T08:55:08.120Z - Invalid token

2023-05-27T08:55:08.190Z - Invalid token

2023-05-27T08:55:08.219Z - Invalid token

2023-05-27T08:55:08.244Z - Invalid token

2023-05-27T08:55:08.270Z - Invalid token

2023-05-27T08:55:08.515Z - Invalid token

2023-05-27T08:55:08.541Z - Invalid token

2023-05-27T08:55:08.569Z - Invalid token

2023-05-27T08:55:08.594Z - Invalid token

2023-05-27T08:55:08.667Z - Invalid token

2023-05-27T08:55:08.693Z - Invalid token

2023-05-27T08:55:08.721Z - Invalid token

2023-05-27T08:55:08.745Z - Invalid token

2023-05-27T08:55:08.827Z - Invalid token

2023-05-27T08:55:08.851Z - Invalid token

2023-05-27T08:55:08.879Z - Invalid token

2023-05-27T08:55:09.142Z - Invalid token

2023-05-27T08:55:09.174Z - Invalid token

2023-05-27T08:55:09.204Z - Invalid token

2023-05-27T08:55:09.228Z - Invalid token

2023-05-27T08:55:09.249Z - Invalid token

2023-05-27T08:55:09.280Z - Invalid token

2023-05-27T08:55:09.308Z - Invalid token

2023-05-27T08:55:09.336Z - Invalid token

2023-05-27T08:55:09.360Z - Invalid token

2023-05-27T08:55:09.387Z - Invalid token

2023-05-27T08:55:09.471Z - Invalid token

2023-05-27T08:55:09.504Z - Invalid token

2023-05-27T08:55:09.532Z - Invalid token

2023-05-27T08:55:09.752Z - Invalid token

2023-05-27T08:58:35.316Z - Invalid token

2023-05-27T08:58:40.296Z - Invalid token

2023-05-27T08:58:43.357Z - Invalid token

2023-05-27T08:59:13.032Z - Invalid token

2023-05-27T09:00:09.354Z - Invalid token

2023-05-27T09:01:12.667Z - Invalid token

2023-05-27T09:09:16.905Z - Invalid token

2023-05-27T09:09:21.428Z - Invalid token

2023-05-27T09:10:55.847Z - Invalid token

2023-05-27T09:11:48.821Z - Invalid token

2023-05-27T09:12:05.915Z - Invalid token

2023-05-27T09:12:20.576Z - Invalid token

2023-05-27T09:12:33.823Z - Cannot read properties of null (reading 'exp')

2023-05-27T09:13:07.531Z - Invalid token

2023-05-27T09:39:08.336Z - Incorrect email or password!

2023-05-27T09:41:57.811Z - kafka@mail.com is already in use.

2023-05-27T10:46:53.472Z - ER_BAD_FIELD_ERROR: Unknown column 'V.imageFileName' in 'field list'

2023-05-27T10:47:02.534Z - ER_BAD_FIELD_ERROR: Unknown column 'V.imageFileName' in 'field list'

2023-05-27T10:47:45.078Z - ER_BAD_FIELD_ERROR: Unknown column 'V.imageFileName' in 'field list'

2023-05-27T11:04:12.828Z - Some changes are not valid.

2023-05-27T11:05:31.575Z - Some changes are not valid.

2023-05-27T11:10:43.300Z - Some changes are not valid.

2023-05-27T11:41:49.432Z - Cannot read properties of undefined (reading 'sockets')

2023-05-27T11:41:50.320Z - Cannot read properties of undefined (reading 'sockets')

2023-05-27T11:43:14.455Z - Cannot read properties of undefined (reading 'sockets')

2023-05-27T11:43:15.260Z - Cannot read properties of undefined (reading 'sockets')

2023-05-27T11:44:30.534Z - Cannot read properties of undefined (reading 'sockets')

2023-05-27T11:44:49.051Z - This like does not exist.

2023-05-27T11:44:49.543Z - This like does not exist.

2023-05-27T11:44:54.465Z - Cannot read properties of undefined (reading 'sockets')

2023-05-27T11:44:55.096Z - Cannot read properties of undefined (reading 'sockets')

2023-05-27T11:45:01.655Z - Cannot read properties of undefined (reading 'sockets')

2023-05-27T11:46:23.036Z - Cannot read properties of undefined (reading 'sockets')

2023-05-27T11:46:23.649Z - Cannot read properties of undefined (reading 'sockets')

2023-05-27T11:46:43.060Z - Cannot read properties of undefined (reading 'sockets')

2023-05-27T11:46:43.645Z - This like does not exist.

2023-05-27T11:47:03.485Z - Cannot read properties of undefined (reading 'sockets')

2023-05-27T11:47:07.035Z - Cannot read properties of undefined (reading 'sockets')

2023-05-27T11:47:12.484Z - Cannot read properties of undefined (reading 'sockets')

2023-05-27T11:47:22.304Z - Cannot read properties of undefined (reading 'sockets')

2023-05-27T11:47:37.296Z - Cannot read properties of undefined (reading 'sockets')

2023-05-27T11:47:37.964Z - Cannot read properties of undefined (reading 'sockets')

2023-05-27T11:47:39.221Z - Cannot read properties of undefined (reading 'sockets')

2023-05-27T11:47:51.016Z - Cannot read properties of undefined (reading 'sockets')

2023-05-27T11:47:51.598Z - This like does not exist.

2023-05-27T11:51:20.558Z - Cannot read properties of undefined (reading 'sockets')

2023-05-27T11:56:59.935Z - Cannot read properties of undefined (reading 'sockets')

2023-05-27T11:57:05.595Z - Cannot read properties of undefined (reading 'sockets')

2023-05-27T11:57:10.449Z - Cannot read properties of undefined (reading 'sockets')

2023-05-27T11:57:38.485Z - Cannot read properties of undefined (reading 'sockets')

2023-05-27T11:59:57.155Z - Cannot read properties of undefined (reading 'sockets')

2023-05-27T12:02:23.379Z - Cannot read properties of undefined (reading 'sockets')

2023-05-27T12:02:26.179Z - Cannot read properties of undefined (reading 'sockets')

2023-05-27T12:02:27.207Z - This like does not exist.

2023-05-27T12:02:28.782Z - This like does not exist.

2023-05-27T12:04:04.903Z - This like does not exist.

2023-05-27T12:04:04.907Z - This like does not exist.

2023-05-27T12:13:33.820Z - Some changes are not valid.

2023-05-27T12:15:13.982Z - Route /docker not found

2023-05-27T13:39:05.498Z - Incorrect email or password!

2023-05-27T14:59:23.116Z - Vacation is not valid.

2023-05-27T14:59:36.586Z - Vacation is not valid.

