2023-04-13T08:13:21.495Z - Invalid token.

2023-04-13T08:34:01.304Z - ER_BAD_FIELD_ERROR: Unknown column 'userId' in 'where clause'

2023-04-13T08:43:45.066Z - This like does not exist.

2023-04-13T08:43:55.776Z - This like does not exist.

2023-04-13T08:56:30.998Z - Cannot read properties of undefined (reading '0')

2023-04-13T08:58:58.746Z - Same like cannot be added twice!

2023-04-13T08:59:13.207Z - This like does not exist.

2023-04-13T08:59:16.997Z - Same like cannot be added twice!

2023-04-13T09:04:22.008Z - Same like cannot be added twice!

2023-04-13T09:04:33.056Z - This like does not exist.

2023-04-13T09:32:21.284Z - Incorrect email or password!

2023-04-13T10:54:56.048Z - Access denied.

2023-04-13T10:55:12.530Z - Access denied.

2023-04-13T10:55:28.906Z - Access denied.

2023-04-13T11:00:14.703Z - This like does not exist.

2023-04-13T11:00:19.074Z - This like does not exist.

2023-04-13T11:00:40.811Z - This like does not exist.

2023-04-13T11:00:47.529Z - This like does not exist.

2023-04-13T11:01:49.472Z - This like does not exist.

2023-04-13T11:02:15.347Z - This like does not exist.

2023-04-13T11:02:27.226Z - This like does not exist.

2023-04-13T11:02:28.794Z - This like does not exist.

2023-04-13T11:02:33.357Z - This like does not exist.

2023-04-13T11:03:09.402Z - This like does not exist.

