2023-04-27T07:52:56.533Z - localStorage is not defined

2023-04-27T07:53:17.874Z - localStorage is not defined

2023-04-27T07:53:22.948Z - localStorage is not defined

2023-04-27T07:54:19.809Z - Invalid token

2023-04-27T07:54:48.386Z - Incorrect email or password!

2023-04-27T07:57:33.370Z - jwt expired

2023-04-27T07:57:34.381Z - jwt expired

2023-04-27T07:57:37.701Z - Invalid token

2023-04-27T07:58:13.684Z - Invalid token

2023-04-27T08:00:06.161Z - This like does not exist.

2023-04-27T08:00:11.074Z - This like does not exist.

2023-04-27T08:08:47.945Z - This like does not exist.

2023-04-27T08:08:53.773Z - This like does not exist.

2023-04-27T08:08:55.168Z - This like does not exist.

2023-04-27T08:08:56.529Z - This like does not exist.

2023-04-27T08:12:10.599Z - This like does not exist.

2023-04-27T08:12:11.773Z - This like does not exist.

2023-04-27T08:13:55.683Z - This like does not exist.

2023-04-27T08:15:06.908Z - This like does not exist.

2023-04-27T08:15:18.456Z - This like does not exist.

2023-04-27T08:15:20.204Z - This like does not exist.

2023-04-27T08:24:06.530Z - This like does not exist.

2023-04-27T08:34:04.569Z - This like does not exist.

2023-04-27T08:34:38.216Z - This like does not exist.

2023-04-27T08:35:23.001Z - This like does not exist.

2023-04-27T08:39:58.672Z - This like does not exist.

2023-04-27T08:41:48.329Z - This like does not exist.

